21-09-28 18:44:37.077 - INFO:   name: RCAN_branch2
  use_tb_logger: True
  model: sr
  distortion: sr
  scale: 4
  gpu_ids: [3]
  network_G:[
    which_model_G: RCAN
    n_resblocks: 20
    n_feats: 50
    n_resgroups: 10
    res_scale: 1
    n_colors: 3
    rgb_range: 255
    scale: 4
    reduction: 16
  ]
  datasets:[
    train:[
      name: DIV2K
      mode: LQGT_rcan
      dataroot_GT: /home/data2/zhangjiaqing/DIV2K/DIV2K_scale_sub_psnr_GT_class2
      dataroot_LQ: /home/data2/zhangjiaqing/DIV2K/DIV2K_scale_sub_psnr_LR_class2
      use_shuffle: True
      n_workers: 4
      batch_size: 16
      GT_size: 128
      use_flip: True
      use_rot: True
      color: RGB
      phase: train
      scale: 4
      data_type: img
    ]
    val:[
      name: Set5
      mode: LQGT_rcan
      dataroot_GT: /home/data2/zhangjiaqing/DIV2K/Set5/HR
      dataroot_LQ: /home/data2/zhangjiaqing/DIV2K/Set5/LR
      phase: val
      scale: 4
      data_type: img
    ]
  ]
  path:[
    pretrain_model_G: ./experiments/pre_trained_models/965000_G.pdparams
    strict_load: True
    resume_state: ./experiments/pre_trained_models/965000.state
    root: /home/zhangjiaqing/zjq/ClassSR-main_paddle
    experiments_root: ./experiments_log/RCAN_branch2
    models: ./experiments_log/RCAN_branch2/models
    training_state: ./experiments_log/RCAN_branch2/training_state
    log: ./experiments_log/RCAN_branch2
    val_images: ./experiments_log/RCAN_branch2/val_images
  ]
  train:[
    lr_G: 0.0002
    lr_scheme: CosineAnnealingLR_Restart
    beta1: 0.9
    beta2: 0.99
    niter: 1000000
    warmup_iter: -1
    T_period: 500000
    restarts: [500000]
    restart_weights: [1]
    eta_min: 1e-07
    lr_gamma: 0.5
    clear_state: 1000000
    pixel_criterion: l1
    pixel_weight: 1.0
    manual_seed: 10
    val_freq: 5000
  ]
  logger:[
    print_freq: 100
    save_checkpoint_freq: 5000
  ]
  is_train: True

21-09-28 18:44:37.078 - INFO: Random seed: 10
21-09-28 18:44:41.496 - INFO: Number of train images: 531,336, iters: 33,209
21-09-28 18:44:41.496 - INFO: Total epochs needed: 31 for iters 1,000,000
21-09-28 18:44:41.497 - INFO: Number of val images in [Set5]: 5
21-09-28 18:44:43.230 - INFO: Loading model for G [./experiments/pre_trained_models/RCAN_branch2.pdparams] ...
21-09-28 18:44:43.863 - INFO: Model [SRModel] is created.
21-09-28 18:44:43.863 - INFO: Resuming training from epoch: 29, iter: 965000.
21-09-28 18:44:43.863 - INFO: Start training from epoch: 29, iter: 965000
21-09-28 18:46:42.349 - INFO: [epoch: 29, iter: 965,100, lr:(1.976e-04,)] l_pix: 4.8801e+00 
21-09-28 18:48:26.820 - INFO: [epoch: 29, iter: 965,200, lr:(1.976e-04,)] l_pix: 4.3074e+00 
21-09-28 18:50:10.684 - INFO: [epoch: 29, iter: 965,300, lr:(1.976e-04,)] l_pix: 4.2927e+00 
21-09-28 18:51:56.072 - INFO: [epoch: 29, iter: 965,400, lr:(1.976e-04,)] l_pix: 4.6632e+00 
21-09-28 18:53:58.622 - INFO: [epoch: 29, iter: 965,500, lr:(1.977e-04,)] l_pix: 4.7608e+00 
21-09-28 18:55:56.521 - INFO: [epoch: 29, iter: 965,600, lr:(1.977e-04,)] l_pix: 4.8500e+00 
21-09-28 18:57:39.183 - INFO: [epoch: 29, iter: 965,700, lr:(1.977e-04,)] l_pix: 3.9969e+00 
21-09-28 18:59:37.908 - INFO: [epoch: 29, iter: 965,800, lr:(1.977e-04,)] l_pix: 4.8051e+00 
21-09-28 19:01:45.980 - INFO: [epoch: 29, iter: 965,900, lr:(1.977e-04,)] l_pix: 4.8072e+00 
21-09-28 19:03:30.727 - INFO: [epoch: 29, iter: 966,000, lr:(1.977e-04,)] l_pix: 5.5820e+00 
21-09-28 19:05:31.475 - INFO: [epoch: 29, iter: 966,100, lr:(1.977e-04,)] l_pix: 4.9769e+00 
21-09-28 19:07:31.729 - INFO: [epoch: 29, iter: 966,200, lr:(1.978e-04,)] l_pix: 4.1979e+00 
21-09-28 19:09:22.828 - INFO: [epoch: 29, iter: 966,300, lr:(1.978e-04,)] l_pix: 4.8034e+00 
21-09-28 19:11:23.179 - INFO: [epoch: 29, iter: 966,400, lr:(1.978e-04,)] l_pix: 5.3906e+00 
21-09-28 19:13:09.396 - INFO: [epoch: 29, iter: 966,500, lr:(1.978e-04,)] l_pix: 4.3335e+00 
21-09-28 19:15:24.444 - INFO: [epoch: 29, iter: 966,600, lr:(1.978e-04,)] l_pix: 5.1071e+00 
21-09-28 19:17:41.592 - INFO: [epoch: 29, iter: 966,700, lr:(1.978e-04,)] l_pix: 4.7646e+00 
21-09-28 19:19:43.464 - INFO: [epoch: 29, iter: 966,800, lr:(1.978e-04,)] l_pix: 5.1293e+00 
21-09-28 19:21:39.224 - INFO: [epoch: 29, iter: 966,900, lr:(1.978e-04,)] l_pix: 5.0900e+00 
21-09-28 19:23:45.081 - INFO: [epoch: 29, iter: 967,000, lr:(1.979e-04,)] l_pix: 5.3004e+00 
21-09-28 19:25:48.460 - INFO: [epoch: 29, iter: 967,100, lr:(1.979e-04,)] l_pix: 4.3507e+00 
21-09-28 19:27:35.615 - INFO: [epoch: 29, iter: 967,200, lr:(1.979e-04,)] l_pix: 4.9290e+00 
21-09-28 19:29:22.843 - INFO: [epoch: 29, iter: 967,300, lr:(1.979e-04,)] l_pix: 4.8176e+00 
21-09-28 19:30:53.490 - INFO: [epoch: 29, iter: 967,400, lr:(1.979e-04,)] l_pix: 4.5156e+00 
21-09-28 19:32:18.643 - INFO: [epoch: 29, iter: 967,500, lr:(1.979e-04,)] l_pix: 4.6536e+00 
21-09-28 19:33:48.236 - INFO: [epoch: 29, iter: 967,600, lr:(1.979e-04,)] l_pix: 4.3650e+00 
21-09-28 19:35:09.342 - INFO: [epoch: 29, iter: 967,700, lr:(1.979e-04,)] l_pix: 4.0446e+00 
21-09-28 19:36:51.816 - INFO: [epoch: 29, iter: 967,800, lr:(1.980e-04,)] l_pix: 4.1010e+00 
21-09-28 19:38:14.618 - INFO: [epoch: 29, iter: 967,900, lr:(1.980e-04,)] l_pix: 4.0500e+00 
21-09-28 19:39:51.205 - INFO: [epoch: 29, iter: 968,000, lr:(1.980e-04,)] l_pix: 5.1126e+00 
21-09-28 19:41:35.369 - INFO: [epoch: 29, iter: 968,100, lr:(1.980e-04,)] l_pix: 4.9791e+00 
21-09-28 19:43:16.254 - INFO: [epoch: 29, iter: 968,200, lr:(1.980e-04,)] l_pix: 4.3044e+00 
21-09-28 19:44:44.809 - INFO: [epoch: 29, iter: 968,300, lr:(1.980e-04,)] l_pix: 4.8457e+00 
21-09-28 19:46:06.965 - INFO: [epoch: 29, iter: 968,400, lr:(1.980e-04,)] l_pix: 4.4464e+00 
21-09-28 19:47:34.527 - INFO: [epoch: 29, iter: 968,500, lr:(1.980e-04,)] l_pix: 4.5608e+00 
21-09-28 19:49:03.996 - INFO: [epoch: 29, iter: 968,600, lr:(1.981e-04,)] l_pix: 4.9582e+00 
21-09-28 19:50:49.488 - INFO: [epoch: 29, iter: 968,700, lr:(1.981e-04,)] l_pix: 4.8694e+00 
21-09-28 19:52:11.401 - INFO: [epoch: 29, iter: 968,800, lr:(1.981e-04,)] l_pix: 4.8528e+00 
21-09-28 19:53:38.122 - INFO: [epoch: 29, iter: 968,900, lr:(1.981e-04,)] l_pix: 4.4611e+00 
21-09-28 19:55:10.781 - INFO: [epoch: 29, iter: 969,000, lr:(1.981e-04,)] l_pix: 4.8458e+00 
21-09-28 19:56:51.595 - INFO: [epoch: 29, iter: 969,100, lr:(1.981e-04,)] l_pix: 4.6653e+00 
21-09-28 19:58:21.957 - INFO: [epoch: 29, iter: 969,200, lr:(1.981e-04,)] l_pix: 4.9566e+00 
21-09-28 20:00:06.388 - INFO: [epoch: 29, iter: 969,300, lr:(1.981e-04,)] l_pix: 4.8427e+00 
21-09-28 20:01:38.148 - INFO: [epoch: 29, iter: 969,400, lr:(1.982e-04,)] l_pix: 4.9532e+00 
21-09-28 20:03:07.698 - INFO: [epoch: 29, iter: 969,500, lr:(1.982e-04,)] l_pix: 4.0997e+00 
21-09-28 20:04:28.437 - INFO: [epoch: 29, iter: 969,600, lr:(1.982e-04,)] l_pix: 4.7520e+00 
21-09-28 20:05:46.617 - INFO: [epoch: 29, iter: 969,700, lr:(1.982e-04,)] l_pix: 4.9975e+00 
21-09-28 20:07:25.394 - INFO: [epoch: 29, iter: 969,800, lr:(1.982e-04,)] l_pix: 3.9523e+00 
21-09-28 20:08:53.081 - INFO: [epoch: 29, iter: 969,900, lr:(1.982e-04,)] l_pix: 4.4628e+00 
21-09-28 20:10:32.245 - INFO: [epoch: 29, iter: 970,000, lr:(1.982e-04,)] l_pix: 4.8808e+00 
21-09-28 20:10:33.704 - INFO: # Validation # PSNR: 3.0467e+01
21-09-28 20:10:33.704 - INFO: Saving models and training states.
21-09-28 20:12:05.220 - INFO: [epoch: 29, iter: 970,100, lr:(1.982e-04,)] l_pix: 4.3136e+00 
21-09-28 20:13:38.705 - INFO: [epoch: 29, iter: 970,200, lr:(1.983e-04,)] l_pix: 4.5927e+00 
21-09-28 20:15:07.299 - INFO: [epoch: 29, iter: 970,300, lr:(1.983e-04,)] l_pix: 4.9449e+00 
21-09-28 20:16:25.015 - INFO: [epoch: 29, iter: 970,400, lr:(1.983e-04,)] l_pix: 4.6729e+00 
21-09-28 20:17:57.771 - INFO: [epoch: 29, iter: 970,500, lr:(1.983e-04,)] l_pix: 4.9454e+00 
21-09-28 20:19:32.710 - INFO: [epoch: 29, iter: 970,600, lr:(1.983e-04,)] l_pix: 4.7254e+00 
21-09-28 20:21:05.547 - INFO: [epoch: 29, iter: 970,700, lr:(1.983e-04,)] l_pix: 4.9711e+00 
21-09-28 20:22:35.364 - INFO: [epoch: 29, iter: 970,800, lr:(1.983e-04,)] l_pix: 4.8760e+00 
21-09-28 20:24:16.044 - INFO: [epoch: 29, iter: 970,900, lr:(1.983e-04,)] l_pix: 5.0982e+00 
21-09-28 20:26:02.830 - INFO: [epoch: 29, iter: 971,000, lr:(1.983e-04,)] l_pix: 3.9000e+00 
21-09-28 20:27:33.815 - INFO: [epoch: 29, iter: 971,100, lr:(1.984e-04,)] l_pix: 4.6194e+00 
21-09-28 20:29:05.053 - INFO: [epoch: 29, iter: 971,200, lr:(1.984e-04,)] l_pix: 5.1278e+00 
21-09-28 20:30:29.620 - INFO: [epoch: 29, iter: 971,300, lr:(1.984e-04,)] l_pix: 5.0988e+00 
21-09-28 20:31:57.878 - INFO: [epoch: 29, iter: 971,400, lr:(1.984e-04,)] l_pix: 5.3594e+00 
21-09-28 20:33:36.567 - INFO: [epoch: 29, iter: 971,500, lr:(1.984e-04,)] l_pix: 4.8073e+00 
21-09-28 20:35:08.331 - INFO: [epoch: 29, iter: 971,600, lr:(1.984e-04,)] l_pix: 4.6157e+00 
21-09-28 20:36:42.355 - INFO: [epoch: 29, iter: 971,700, lr:(1.984e-04,)] l_pix: 4.5813e+00 
21-09-28 20:38:17.340 - INFO: [epoch: 29, iter: 971,800, lr:(1.984e-04,)] l_pix: 4.8971e+00 
21-09-28 20:39:51.695 - INFO: [epoch: 29, iter: 971,900, lr:(1.984e-04,)] l_pix: 4.2405e+00 
21-09-28 20:41:27.919 - INFO: [epoch: 29, iter: 972,000, lr:(1.985e-04,)] l_pix: 4.8912e+00 
21-09-28 20:42:56.806 - INFO: [epoch: 29, iter: 972,100, lr:(1.985e-04,)] l_pix: 4.5785e+00 
21-09-28 20:44:22.674 - INFO: [epoch: 29, iter: 972,200, lr:(1.985e-04,)] l_pix: 4.5236e+00 
21-09-28 20:45:43.771 - INFO: [epoch: 29, iter: 972,300, lr:(1.985e-04,)] l_pix: 5.2225e+00 
21-09-28 20:47:10.607 - INFO: [epoch: 29, iter: 972,400, lr:(1.985e-04,)] l_pix: 4.9000e+00 
21-09-28 20:48:18.541 - INFO: [epoch: 29, iter: 972,500, lr:(1.985e-04,)] l_pix: 4.4235e+00 
21-09-28 20:49:35.505 - INFO: [epoch: 29, iter: 972,600, lr:(1.985e-04,)] l_pix: 4.3312e+00 
21-09-28 20:50:59.404 - INFO: [epoch: 29, iter: 972,700, lr:(1.985e-04,)] l_pix: 4.1791e+00 
21-09-28 20:52:53.211 - INFO: [epoch: 29, iter: 972,800, lr:(1.985e-04,)] l_pix: 4.9138e+00 
21-09-28 20:55:01.681 - INFO: [epoch: 29, iter: 972,900, lr:(1.986e-04,)] l_pix: 4.7251e+00 
21-09-28 20:57:04.100 - INFO: [epoch: 29, iter: 973,000, lr:(1.986e-04,)] l_pix: 5.1578e+00 
21-09-28 20:59:15.604 - INFO: [epoch: 29, iter: 973,100, lr:(1.986e-04,)] l_pix: 4.9207e+00 
21-09-28 21:01:11.590 - INFO: [epoch: 29, iter: 973,200, lr:(1.986e-04,)] l_pix: 4.7670e+00 
21-09-28 21:03:04.980 - INFO: [epoch: 29, iter: 973,300, lr:(1.986e-04,)] l_pix: 4.6872e+00 
21-09-28 21:04:55.540 - INFO: [epoch: 29, iter: 973,400, lr:(1.986e-04,)] l_pix: 5.1890e+00 
21-09-28 21:06:38.658 - INFO: [epoch: 29, iter: 973,500, lr:(1.986e-04,)] l_pix: 4.8896e+00 
21-09-28 21:08:22.755 - INFO: [epoch: 29, iter: 973,600, lr:(1.986e-04,)] l_pix: 4.8857e+00 
21-09-28 21:09:58.470 - INFO: [epoch: 29, iter: 973,700, lr:(1.986e-04,)] l_pix: 4.6217e+00 
21-09-28 21:11:26.183 - INFO: [epoch: 29, iter: 973,800, lr:(1.986e-04,)] l_pix: 4.1503e+00 
21-09-28 21:13:21.375 - INFO: [epoch: 29, iter: 973,900, lr:(1.987e-04,)] l_pix: 4.5833e+00 
21-09-28 21:14:51.695 - INFO: [epoch: 29, iter: 974,000, lr:(1.987e-04,)] l_pix: 4.6092e+00 
21-09-28 21:16:38.394 - INFO: [epoch: 29, iter: 974,100, lr:(1.987e-04,)] l_pix: 5.0981e+00 
21-09-28 21:18:17.359 - INFO: [epoch: 29, iter: 974,200, lr:(1.987e-04,)] l_pix: 4.6990e+00 
21-09-28 21:20:00.875 - INFO: [epoch: 29, iter: 974,300, lr:(1.987e-04,)] l_pix: 4.3078e+00 
21-09-28 21:22:04.614 - INFO: [epoch: 29, iter: 974,400, lr:(1.987e-04,)] l_pix: 4.4199e+00 
21-09-28 21:24:03.756 - INFO: [epoch: 29, iter: 974,500, lr:(1.987e-04,)] l_pix: 4.0436e+00 
21-09-28 21:25:56.483 - INFO: [epoch: 29, iter: 974,600, lr:(1.987e-04,)] l_pix: 4.7966e+00 
21-09-28 21:27:57.160 - INFO: [epoch: 29, iter: 974,700, lr:(1.987e-04,)] l_pix: 5.1700e+00 
21-09-28 21:30:06.317 - INFO: [epoch: 29, iter: 974,800, lr:(1.987e-04,)] l_pix: 4.4863e+00 
21-09-28 21:32:08.137 - INFO: [epoch: 29, iter: 974,900, lr:(1.988e-04,)] l_pix: 4.1271e+00 
21-09-28 21:33:59.893 - INFO: [epoch: 29, iter: 975,000, lr:(1.988e-04,)] l_pix: 4.4426e+00 
21-09-28 21:34:01.376 - INFO: # Validation # PSNR: 3.0422e+01
21-09-28 21:34:01.377 - INFO: Saving models and training states.
21-09-28 21:36:01.288 - INFO: [epoch: 29, iter: 975,100, lr:(1.988e-04,)] l_pix: 4.4653e+00 
21-09-28 21:38:07.774 - INFO: [epoch: 29, iter: 975,200, lr:(1.988e-04,)] l_pix: 4.8466e+00 
21-09-28 21:39:52.320 - INFO: [epoch: 29, iter: 975,300, lr:(1.988e-04,)] l_pix: 4.4172e+00 
21-09-28 21:42:06.394 - INFO: [epoch: 29, iter: 975,400, lr:(1.988e-04,)] l_pix: 4.3789e+00 
21-09-28 21:43:55.873 - INFO: [epoch: 29, iter: 975,500, lr:(1.988e-04,)] l_pix: 4.9598e+00 
21-09-28 21:45:57.041 - INFO: [epoch: 29, iter: 975,600, lr:(1.988e-04,)] l_pix: 5.5463e+00 
21-09-28 21:47:45.453 - INFO: [epoch: 29, iter: 975,700, lr:(1.988e-04,)] l_pix: 4.3794e+00 
21-09-28 21:49:38.979 - INFO: [epoch: 29, iter: 975,800, lr:(1.988e-04,)] l_pix: 4.4629e+00 
21-09-28 21:51:30.785 - INFO: [epoch: 29, iter: 975,900, lr:(1.989e-04,)] l_pix: 4.5156e+00 
21-09-28 21:53:41.490 - INFO: [epoch: 29, iter: 976,000, lr:(1.989e-04,)] l_pix: 4.8182e+00 
21-09-28 21:55:31.220 - INFO: [epoch: 29, iter: 976,100, lr:(1.989e-04,)] l_pix: 4.8837e+00 
21-09-28 21:57:11.354 - INFO: [epoch: 29, iter: 976,200, lr:(1.989e-04,)] l_pix: 5.0543e+00 
21-09-28 21:59:07.660 - INFO: [epoch: 29, iter: 976,300, lr:(1.989e-04,)] l_pix: 4.5404e+00 
21-09-28 22:01:07.628 - INFO: [epoch: 29, iter: 976,400, lr:(1.989e-04,)] l_pix: 4.7257e+00 
21-09-28 22:03:17.026 - INFO: [epoch: 29, iter: 976,500, lr:(1.989e-04,)] l_pix: 4.4626e+00 
21-09-28 22:05:02.856 - INFO: [epoch: 29, iter: 976,600, lr:(1.989e-04,)] l_pix: 4.3734e+00 
21-09-28 22:06:45.925 - INFO: [epoch: 29, iter: 976,700, lr:(1.989e-04,)] l_pix: 4.9479e+00 
21-09-28 22:08:38.219 - INFO: [epoch: 29, iter: 976,800, lr:(1.989e-04,)] l_pix: 4.3100e+00 
21-09-28 22:10:56.355 - INFO: [epoch: 29, iter: 976,900, lr:(1.989e-04,)] l_pix: 4.5911e+00 
21-09-28 22:13:15.689 - INFO: [epoch: 29, iter: 977,000, lr:(1.990e-04,)] l_pix: 4.4524e+00 
21-09-28 22:15:13.247 - INFO: [epoch: 29, iter: 977,100, lr:(1.990e-04,)] l_pix: 4.6982e+00 
21-09-28 22:17:15.615 - INFO: [epoch: 29, iter: 977,200, lr:(1.990e-04,)] l_pix: 4.6580e+00 
21-09-28 22:19:25.004 - INFO: [epoch: 29, iter: 977,300, lr:(1.990e-04,)] l_pix: 4.7073e+00 
21-09-28 22:21:37.971 - INFO: [epoch: 29, iter: 977,400, lr:(1.990e-04,)] l_pix: 4.5183e+00 
21-09-28 22:23:28.010 - INFO: [epoch: 29, iter: 977,500, lr:(1.990e-04,)] l_pix: 5.0630e+00 
21-09-28 22:25:16.773 - INFO: [epoch: 29, iter: 977,600, lr:(1.990e-04,)] l_pix: 4.0187e+00 
21-09-28 22:27:32.336 - INFO: [epoch: 29, iter: 977,700, lr:(1.990e-04,)] l_pix: 4.0632e+00 
21-09-28 22:29:32.487 - INFO: [epoch: 29, iter: 977,800, lr:(1.990e-04,)] l_pix: 4.5437e+00 
21-09-28 22:31:53.225 - INFO: [epoch: 29, iter: 977,900, lr:(1.990e-04,)] l_pix: 4.8461e+00 
21-09-28 22:33:50.498 - INFO: [epoch: 29, iter: 978,000, lr:(1.990e-04,)] l_pix: 4.2011e+00 
21-09-28 22:36:14.107 - INFO: [epoch: 29, iter: 978,100, lr:(1.991e-04,)] l_pix: 4.6599e+00 
21-09-28 22:38:23.983 - INFO: [epoch: 29, iter: 978,200, lr:(1.991e-04,)] l_pix: 4.2865e+00 
21-09-28 22:40:37.993 - INFO: [epoch: 29, iter: 978,300, lr:(1.991e-04,)] l_pix: 4.4284e+00 
21-09-28 22:42:36.200 - INFO: [epoch: 29, iter: 978,400, lr:(1.991e-04,)] l_pix: 4.5118e+00 
21-09-28 22:44:40.216 - INFO: [epoch: 29, iter: 978,500, lr:(1.991e-04,)] l_pix: 4.2725e+00 
21-09-28 22:46:40.436 - INFO: [epoch: 29, iter: 978,600, lr:(1.991e-04,)] l_pix: 5.0175e+00 
21-09-28 22:49:00.038 - INFO: [epoch: 29, iter: 978,700, lr:(1.991e-04,)] l_pix: 4.5905e+00 
21-09-28 22:51:02.955 - INFO: [epoch: 29, iter: 978,800, lr:(1.991e-04,)] l_pix: 4.5233e+00 
21-09-28 22:53:03.262 - INFO: [epoch: 29, iter: 978,900, lr:(1.991e-04,)] l_pix: 5.3842e+00 
21-09-28 22:55:02.140 - INFO: [epoch: 29, iter: 979,000, lr:(1.991e-04,)] l_pix: 4.6864e+00 
21-09-28 22:57:13.384 - INFO: [epoch: 29, iter: 979,100, lr:(1.991e-04,)] l_pix: 4.4506e+00 
21-09-28 22:59:11.333 - INFO: [epoch: 29, iter: 979,200, lr:(1.991e-04,)] l_pix: 4.2052e+00 
21-09-28 23:01:11.229 - INFO: [epoch: 29, iter: 979,300, lr:(1.992e-04,)] l_pix: 4.9046e+00 
21-09-28 23:03:11.157 - INFO: [epoch: 29, iter: 979,400, lr:(1.992e-04,)] l_pix: 4.0840e+00 
21-09-28 23:05:20.760 - INFO: [epoch: 29, iter: 979,500, lr:(1.992e-04,)] l_pix: 4.7306e+00 
21-09-28 23:07:25.718 - INFO: [epoch: 29, iter: 979,600, lr:(1.992e-04,)] l_pix: 4.4331e+00 
21-09-28 23:09:23.690 - INFO: [epoch: 29, iter: 979,700, lr:(1.992e-04,)] l_pix: 4.5492e+00 
21-09-28 23:11:24.114 - INFO: [epoch: 29, iter: 979,800, lr:(1.992e-04,)] l_pix: 5.1792e+00 
21-09-28 23:13:36.596 - INFO: [epoch: 29, iter: 979,900, lr:(1.992e-04,)] l_pix: 4.8868e+00 
21-09-28 23:15:39.272 - INFO: [epoch: 29, iter: 980,000, lr:(1.992e-04,)] l_pix: 4.8966e+00 
21-09-28 23:15:40.766 - INFO: # Validation # PSNR: 3.0447e+01
21-09-28 23:15:40.766 - INFO: Saving models and training states.
21-09-28 23:17:36.631 - INFO: [epoch: 29, iter: 980,100, lr:(1.992e-04,)] l_pix: 4.2087e+00 
21-09-28 23:19:37.525 - INFO: [epoch: 29, iter: 980,200, lr:(1.992e-04,)] l_pix: 4.1849e+00 
21-09-28 23:21:37.886 - INFO: [epoch: 29, iter: 980,300, lr:(1.992e-04,)] l_pix: 4.9862e+00 
21-09-28 23:23:44.261 - INFO: [epoch: 29, iter: 980,400, lr:(1.992e-04,)] l_pix: 4.2073e+00 
21-09-28 23:25:56.380 - INFO: [epoch: 29, iter: 980,500, lr:(1.993e-04,)] l_pix: 4.6849e+00 
21-09-28 23:27:56.240 - INFO: [epoch: 29, iter: 980,600, lr:(1.993e-04,)] l_pix: 5.4595e+00 
21-09-28 23:29:58.685 - INFO: [epoch: 29, iter: 980,700, lr:(1.993e-04,)] l_pix: 4.9048e+00 
21-09-28 23:32:11.106 - INFO: [epoch: 29, iter: 980,800, lr:(1.993e-04,)] l_pix: 4.6508e+00 
21-09-28 23:34:00.403 - INFO: [epoch: 29, iter: 980,900, lr:(1.993e-04,)] l_pix: 4.7547e+00 
21-09-28 23:36:01.243 - INFO: [epoch: 29, iter: 981,000, lr:(1.993e-04,)] l_pix: 4.9872e+00 
21-09-28 23:38:16.113 - INFO: [epoch: 29, iter: 981,100, lr:(1.993e-04,)] l_pix: 4.2827e+00 
21-09-28 23:40:39.219 - INFO: [epoch: 29, iter: 981,200, lr:(1.993e-04,)] l_pix: 4.4865e+00 
21-09-28 23:42:37.769 - INFO: [epoch: 29, iter: 981,300, lr:(1.993e-04,)] l_pix: 4.8919e+00 
21-09-28 23:44:51.248 - INFO: [epoch: 29, iter: 981,400, lr:(1.993e-04,)] l_pix: 4.1680e+00 
21-09-28 23:46:34.148 - INFO: [epoch: 29, iter: 981,500, lr:(1.993e-04,)] l_pix: 4.7531e+00 
21-09-28 23:48:58.143 - INFO: [epoch: 29, iter: 981,600, lr:(1.993e-04,)] l_pix: 4.9220e+00 
21-09-28 23:51:05.214 - INFO: [epoch: 29, iter: 981,700, lr:(1.993e-04,)] l_pix: 5.2794e+00 
21-09-28 23:53:08.971 - INFO: [epoch: 29, iter: 981,800, lr:(1.993e-04,)] l_pix: 4.6913e+00 
21-09-28 23:55:13.306 - INFO: [epoch: 29, iter: 981,900, lr:(1.994e-04,)] l_pix: 4.8483e+00 
21-09-28 23:57:28.740 - INFO: [epoch: 29, iter: 982,000, lr:(1.994e-04,)] l_pix: 4.5687e+00 
21-09-28 23:59:16.466 - INFO: [epoch: 29, iter: 982,100, lr:(1.994e-04,)] l_pix: 4.4266e+00 
21-09-29 00:00:55.837 - INFO: [epoch: 29, iter: 982,200, lr:(1.994e-04,)] l_pix: 4.9059e+00 
21-09-29 00:02:56.485 - INFO: [epoch: 29, iter: 982,300, lr:(1.994e-04,)] l_pix: 4.6717e+00 
21-09-29 00:04:38.601 - INFO: [epoch: 29, iter: 982,400, lr:(1.994e-04,)] l_pix: 4.1235e+00 
21-09-29 00:06:30.831 - INFO: [epoch: 29, iter: 982,500, lr:(1.994e-04,)] l_pix: 4.8211e+00 
21-09-29 00:08:31.715 - INFO: [epoch: 29, iter: 982,600, lr:(1.994e-04,)] l_pix: 4.9291e+00 
21-09-29 00:10:42.042 - INFO: [epoch: 29, iter: 982,700, lr:(1.994e-04,)] l_pix: 4.9834e+00 
21-09-29 00:12:29.755 - INFO: [epoch: 29, iter: 982,800, lr:(1.994e-04,)] l_pix: 5.3619e+00 
21-09-29 00:14:42.113 - INFO: [epoch: 29, iter: 982,900, lr:(1.994e-04,)] l_pix: 5.0486e+00 
21-09-29 00:16:48.967 - INFO: [epoch: 29, iter: 983,000, lr:(1.994e-04,)] l_pix: 4.4041e+00 
21-09-29 00:18:51.345 - INFO: [epoch: 29, iter: 983,100, lr:(1.994e-04,)] l_pix: 5.3734e+00 
21-09-29 00:21:04.042 - INFO: [epoch: 29, iter: 983,200, lr:(1.994e-04,)] l_pix: 4.7088e+00 
21-09-29 00:22:59.182 - INFO: [epoch: 29, iter: 983,300, lr:(1.995e-04,)] l_pix: 4.6917e+00 
21-09-29 00:24:57.378 - INFO: [epoch: 29, iter: 983,400, lr:(1.995e-04,)] l_pix: 4.2074e+00 
21-09-29 00:27:13.560 - INFO: [epoch: 29, iter: 983,500, lr:(1.995e-04,)] l_pix: 4.3776e+00 
21-09-29 00:29:06.269 - INFO: [epoch: 29, iter: 983,600, lr:(1.995e-04,)] l_pix: 4.9675e+00 
21-09-29 00:31:19.104 - INFO: [epoch: 29, iter: 983,700, lr:(1.995e-04,)] l_pix: 4.6177e+00 
21-09-29 00:33:24.854 - INFO: [epoch: 29, iter: 983,800, lr:(1.995e-04,)] l_pix: 4.7095e+00 
21-09-29 00:35:43.530 - INFO: [epoch: 29, iter: 983,900, lr:(1.995e-04,)] l_pix: 4.6671e+00 
21-09-29 00:37:34.212 - INFO: [epoch: 29, iter: 984,000, lr:(1.995e-04,)] l_pix: 4.8876e+00 
21-09-29 00:39:44.102 - INFO: [epoch: 29, iter: 984,100, lr:(1.995e-04,)] l_pix: 4.2827e+00 
21-09-29 00:41:45.031 - INFO: [epoch: 29, iter: 984,200, lr:(1.995e-04,)] l_pix: 5.0509e+00 
21-09-29 00:43:51.549 - INFO: [epoch: 29, iter: 984,300, lr:(1.995e-04,)] l_pix: 4.8780e+00 
21-09-29 00:45:48.836 - INFO: [epoch: 29, iter: 984,400, lr:(1.995e-04,)] l_pix: 4.8444e+00 
21-09-29 00:47:38.113 - INFO: [epoch: 29, iter: 984,500, lr:(1.995e-04,)] l_pix: 4.7343e+00 
21-09-29 00:49:34.787 - INFO: [epoch: 29, iter: 984,600, lr:(1.995e-04,)] l_pix: 4.7905e+00 
21-09-29 00:51:33.615 - INFO: [epoch: 29, iter: 984,700, lr:(1.995e-04,)] l_pix: 4.5480e+00 
21-09-29 00:53:32.964 - INFO: [epoch: 29, iter: 984,800, lr:(1.995e-04,)] l_pix: 4.5730e+00 
21-09-29 00:55:37.614 - INFO: [epoch: 29, iter: 984,900, lr:(1.996e-04,)] l_pix: 4.7148e+00 
21-09-29 00:57:30.504 - INFO: [epoch: 29, iter: 985,000, lr:(1.996e-04,)] l_pix: 5.0659e+00 
21-09-29 00:57:31.967 - INFO: # Validation # PSNR: 3.0396e+01
21-09-29 00:57:31.968 - INFO: Saving models and training states.
21-09-29 00:59:32.717 - INFO: [epoch: 29, iter: 985,100, lr:(1.996e-04,)] l_pix: 4.6207e+00 
21-09-29 01:01:37.710 - INFO: [epoch: 29, iter: 985,200, lr:(1.996e-04,)] l_pix: 4.6719e+00 
21-09-29 01:03:40.078 - INFO: [epoch: 29, iter: 985,300, lr:(1.996e-04,)] l_pix: 5.2032e+00 
21-09-29 01:05:40.982 - INFO: [epoch: 29, iter: 985,400, lr:(1.996e-04,)] l_pix: 4.5256e+00 
21-09-29 01:07:46.322 - INFO: [epoch: 29, iter: 985,500, lr:(1.996e-04,)] l_pix: 4.8758e+00 
21-09-29 01:09:48.116 - INFO: [epoch: 29, iter: 985,600, lr:(1.996e-04,)] l_pix: 5.1522e+00 
21-09-29 01:11:43.598 - INFO: [epoch: 29, iter: 985,700, lr:(1.996e-04,)] l_pix: 4.8324e+00 
21-09-29 01:13:49.568 - INFO: [epoch: 29, iter: 985,800, lr:(1.996e-04,)] l_pix: 5.0358e+00 
21-09-29 01:15:53.790 - INFO: [epoch: 29, iter: 985,900, lr:(1.996e-04,)] l_pix: 4.9549e+00 
21-09-29 01:18:11.113 - INFO: [epoch: 29, iter: 986,000, lr:(1.996e-04,)] l_pix: 5.4114e+00 
21-09-29 01:20:21.126 - INFO: [epoch: 29, iter: 986,100, lr:(1.996e-04,)] l_pix: 4.8927e+00 
21-09-29 01:22:29.461 - INFO: [epoch: 29, iter: 986,200, lr:(1.996e-04,)] l_pix: 4.9205e+00 
21-09-29 01:24:24.250 - INFO: [epoch: 29, iter: 986,300, lr:(1.996e-04,)] l_pix: 5.0395e+00 
21-09-29 01:26:40.156 - INFO: [epoch: 29, iter: 986,400, lr:(1.996e-04,)] l_pix: 3.9960e+00 
21-09-29 01:28:47.499 - INFO: [epoch: 29, iter: 986,500, lr:(1.996e-04,)] l_pix: 5.1243e+00 
21-09-29 01:30:53.330 - INFO: [epoch: 29, iter: 986,600, lr:(1.996e-04,)] l_pix: 4.5971e+00 
21-09-29 01:33:12.574 - INFO: [epoch: 29, iter: 986,700, lr:(1.997e-04,)] l_pix: 4.6772e+00 
21-09-29 01:35:24.982 - INFO: [epoch: 29, iter: 986,800, lr:(1.997e-04,)] l_pix: 4.4727e+00 
21-09-29 01:37:26.126 - INFO: [epoch: 29, iter: 986,900, lr:(1.997e-04,)] l_pix: 4.5716e+00 
21-09-29 01:39:36.623 - INFO: [epoch: 29, iter: 987,000, lr:(1.997e-04,)] l_pix: 4.6634e+00 
21-09-29 01:41:41.829 - INFO: [epoch: 29, iter: 987,100, lr:(1.997e-04,)] l_pix: 3.9497e+00 
21-09-29 01:43:44.373 - INFO: [epoch: 29, iter: 987,200, lr:(1.997e-04,)] l_pix: 4.8867e+00 
21-09-29 01:45:49.084 - INFO: [epoch: 29, iter: 987,300, lr:(1.997e-04,)] l_pix: 4.5704e+00 
21-09-29 01:47:53.925 - INFO: [epoch: 29, iter: 987,400, lr:(1.997e-04,)] l_pix: 4.9112e+00 
21-09-29 01:50:05.121 - INFO: [epoch: 29, iter: 987,500, lr:(1.997e-04,)] l_pix: 4.6153e+00 
21-09-29 01:52:21.062 - INFO: [epoch: 29, iter: 987,600, lr:(1.997e-04,)] l_pix: 4.4535e+00 
21-09-29 01:54:16.685 - INFO: [epoch: 29, iter: 987,700, lr:(1.997e-04,)] l_pix: 4.5717e+00 
21-09-29 01:56:20.752 - INFO: [epoch: 29, iter: 987,800, lr:(1.997e-04,)] l_pix: 4.4504e+00 
21-09-29 01:58:37.530 - INFO: [epoch: 29, iter: 987,900, lr:(1.997e-04,)] l_pix: 5.0281e+00 
21-09-29 02:00:42.186 - INFO: [epoch: 29, iter: 988,000, lr:(1.997e-04,)] l_pix: 4.4540e+00 
21-09-29 02:02:54.084 - INFO: [epoch: 29, iter: 988,100, lr:(1.997e-04,)] l_pix: 4.9883e+00 
21-09-29 02:05:11.052 - INFO: [epoch: 29, iter: 988,200, lr:(1.997e-04,)] l_pix: 4.4131e+00 
21-09-29 02:07:23.563 - INFO: [epoch: 29, iter: 988,300, lr:(1.997e-04,)] l_pix: 4.8743e+00 
21-09-29 02:09:48.409 - INFO: [epoch: 29, iter: 988,400, lr:(1.997e-04,)] l_pix: 5.1294e+00 
21-09-29 02:11:55.440 - INFO: [epoch: 29, iter: 988,500, lr:(1.997e-04,)] l_pix: 4.8827e+00 
21-09-29 02:14:14.692 - INFO: [epoch: 29, iter: 988,600, lr:(1.997e-04,)] l_pix: 4.7900e+00 
21-09-29 02:16:15.959 - INFO: [epoch: 29, iter: 988,700, lr:(1.997e-04,)] l_pix: 5.1248e+00 
21-09-29 02:18:32.674 - INFO: [epoch: 29, iter: 988,800, lr:(1.998e-04,)] l_pix: 4.2534e+00 
21-09-29 02:20:57.643 - INFO: [epoch: 29, iter: 988,900, lr:(1.998e-04,)] l_pix: 5.1433e+00 
21-09-29 02:23:05.393 - INFO: [epoch: 29, iter: 989,000, lr:(1.998e-04,)] l_pix: 5.0858e+00 
21-09-29 02:26:15.546 - INFO: [epoch: 29, iter: 989,100, lr:(1.998e-04,)] l_pix: 4.6522e+00 
21-09-29 02:30:49.333 - INFO: [epoch: 29, iter: 989,200, lr:(1.998e-04,)] l_pix: 4.4765e+00 
21-09-29 02:35:44.027 - INFO: [epoch: 29, iter: 989,300, lr:(1.998e-04,)] l_pix: 5.0167e+00 
21-09-29 02:40:52.494 - INFO: [epoch: 29, iter: 989,400, lr:(1.998e-04,)] l_pix: 5.1360e+00 
21-09-29 02:44:18.030 - INFO: [epoch: 29, iter: 989,500, lr:(1.998e-04,)] l_pix: 4.2506e+00 
21-09-29 02:46:32.585 - INFO: [epoch: 29, iter: 989,600, lr:(1.998e-04,)] l_pix: 4.2779e+00 
21-09-29 02:48:49.338 - INFO: [epoch: 29, iter: 989,700, lr:(1.998e-04,)] l_pix: 4.6323e+00 
21-09-29 02:51:31.326 - INFO: [epoch: 29, iter: 989,800, lr:(1.998e-04,)] l_pix: 5.3145e+00 
21-09-29 02:56:12.394 - INFO: [epoch: 29, iter: 989,900, lr:(1.998e-04,)] l_pix: 4.6990e+00 
21-09-29 03:00:29.652 - INFO: [epoch: 29, iter: 990,000, lr:(1.998e-04,)] l_pix: 4.2696e+00 
21-09-29 03:00:38.762 - INFO: # Validation # PSNR: 3.0492e+01
21-09-29 03:00:38.762 - INFO: Saving models and training states.
21-09-29 03:04:45.589 - INFO: [epoch: 29, iter: 990,100, lr:(1.998e-04,)] l_pix: 4.9234e+00 
21-09-29 03:07:06.276 - INFO: [epoch: 29, iter: 990,200, lr:(1.998e-04,)] l_pix: 4.6218e+00 
21-09-29 03:09:14.861 - INFO: [epoch: 29, iter: 990,300, lr:(1.998e-04,)] l_pix: 4.9006e+00 
21-09-29 03:11:23.858 - INFO: [epoch: 29, iter: 990,400, lr:(1.998e-04,)] l_pix: 4.9793e+00 
21-09-29 03:13:32.405 - INFO: [epoch: 29, iter: 990,500, lr:(1.998e-04,)] l_pix: 4.2159e+00 
21-09-29 03:15:36.613 - INFO: [epoch: 29, iter: 990,600, lr:(1.998e-04,)] l_pix: 4.7549e+00 
21-09-29 03:17:34.580 - INFO: [epoch: 29, iter: 990,700, lr:(1.998e-04,)] l_pix: 5.0973e+00 
21-09-29 03:19:40.449 - INFO: [epoch: 29, iter: 990,800, lr:(1.998e-04,)] l_pix: 4.7808e+00 
21-09-29 03:21:52.141 - INFO: [epoch: 29, iter: 990,900, lr:(1.998e-04,)] l_pix: 4.4256e+00 
21-09-29 03:24:02.094 - INFO: [epoch: 29, iter: 991,000, lr:(1.998e-04,)] l_pix: 4.4829e+00 
21-09-29 03:26:06.496 - INFO: [epoch: 29, iter: 991,100, lr:(1.998e-04,)] l_pix: 5.0916e+00 
21-09-29 03:28:15.446 - INFO: [epoch: 29, iter: 991,200, lr:(1.998e-04,)] l_pix: 4.2666e+00 
21-09-29 03:30:17.118 - INFO: [epoch: 29, iter: 991,300, lr:(1.999e-04,)] l_pix: 5.1656e+00 
21-09-29 03:32:25.946 - INFO: [epoch: 29, iter: 991,400, lr:(1.999e-04,)] l_pix: 4.6374e+00 
21-09-29 03:34:22.891 - INFO: [epoch: 29, iter: 991,500, lr:(1.999e-04,)] l_pix: 5.6926e+00 
21-09-29 03:36:00.142 - INFO: [epoch: 29, iter: 991,600, lr:(1.999e-04,)] l_pix: 4.9597e+00 
21-09-29 03:37:43.013 - INFO: [epoch: 29, iter: 991,700, lr:(1.999e-04,)] l_pix: 4.9445e+00 
21-09-29 03:39:17.154 - INFO: [epoch: 29, iter: 991,800, lr:(1.999e-04,)] l_pix: 5.2225e+00 
21-09-29 03:40:58.525 - INFO: [epoch: 29, iter: 991,900, lr:(1.999e-04,)] l_pix: 4.8145e+00 
21-09-29 03:42:28.778 - INFO: [epoch: 29, iter: 992,000, lr:(1.999e-04,)] l_pix: 5.3499e+00 
21-09-29 03:44:11.639 - INFO: [epoch: 29, iter: 992,100, lr:(1.999e-04,)] l_pix: 5.0629e+00 
21-09-29 03:45:43.589 - INFO: [epoch: 29, iter: 992,200, lr:(1.999e-04,)] l_pix: 4.6485e+00 
21-09-29 03:46:59.234 - INFO: [epoch: 29, iter: 992,300, lr:(1.999e-04,)] l_pix: 4.2816e+00 
21-09-29 03:48:26.455 - INFO: [epoch: 29, iter: 992,400, lr:(1.999e-04,)] l_pix: 4.8763e+00 
21-09-29 03:49:46.624 - INFO: [epoch: 29, iter: 992,500, lr:(1.999e-0