21-09-29 16:09:01.417 - INFO:   name: RCAN_branch2
  use_tb_logger: True
  model: sr
  distortion: sr
  scale: 4
  gpu_ids: [3]
  network_G:[
    which_model_G: RCAN
    n_resblocks: 20
    n_feats: 50
    n_resgroups: 10
    res_scale: 1
    n_colors: 3
    rgb_range: 255
    scale: 4
    reduction: 16
  ]
  datasets:[
    train:[
      name: DIV2K
      mode: LQGT_rcan
      dataroot_GT: /home/data2/zhangjiaqing/DIV2K/DIV2K_scale_sub_psnr_GT_class2
      dataroot_LQ: /home/data2/zhangjiaqing/DIV2K/DIV2K_scale_sub_psnr_LR_class2
      use_shuffle: True
      n_workers: 4
      batch_size: 16
      GT_size: 128
      use_flip: True
      use_rot: True
      color: RGB
      phase: train
      scale: 4
      data_type: img
    ]
    val:[
      name: Set5
      mode: LQGT_rcan
      dataroot_GT: /home/data2/zhangjiaqing/DIV2K/Set5/HR
      dataroot_LQ: /home/data2/zhangjiaqing/DIV2K/Set5/LR
      phase: val
      scale: 4
      data_type: img
    ]
  ]
  path:[
    pretrain_model_G: ./experiments/pre_trained_models/990000_G.pdparams
    strict_load: True
    resume_state: ./experiments/pre_trained_models/990000.state
    root: /home/zhangjiaqing/zjq/ClassSR-main_paddle
    experiments_root: ./experiments_log/RCAN_branch2
    models: ./experiments_log/RCAN_branch2/models
    training_state: ./experiments_log/RCAN_branch2/training_state
    log: ./experiments_log/RCAN_branch2
    val_images: ./experiments_log/RCAN_branch2/val_images
  ]
  train:[
    lr_G: 0.0002
    lr_scheme: CosineAnnealingLR_Restart
    beta1: 0.9
    beta2: 0.99
    niter: 1000000
    warmup_iter: -1
    T_period: 500000
    restarts: [500000]
    restart_weights: [1]
    eta_min: 1e-07
    lr_gamma: 0.5
    clear_state: 1000000
    pixel_criterion: l1
    pixel_weight: 1.0
    manual_seed: 10
    val_freq: 5000
  ]
  logger:[
    print_freq: 100
    save_checkpoint_freq: 5000
  ]
  is_train: True

21-09-29 16:09:01.418 - INFO: Random seed: 10
21-09-29 16:09:06.321 - INFO: Number of train images: 531,336, iters: 33,209
21-09-29 16:09:06.321 - INFO: Total epochs needed: 31 for iters 1,000,000
21-09-29 16:09:06.321 - INFO: Number of val images in [Set5]: 5
21-09-29 16:09:08.483 - INFO: Loading model for G [./experiments/pre_trained_models/990000_G.pdparams] ...
21-09-29 16:09:09.047 - INFO: Model [SRModel] is created.
21-09-29 16:09:09.047 - INFO: Resuming training from epoch: 29, iter: 990000.
21-09-29 16:09:09.047 - INFO: Start training from epoch: 29, iter: 990000
21-09-29 16:10:24.051 - INFO: [epoch: 29, iter: 990,100, lr:(1.998e-04,)] l_pix: 4.9579e+00 
21-09-29 16:11:43.205 - INFO: [epoch: 29, iter: 990,200, lr:(1.998e-04,)] l_pix: 4.3567e+00 
21-09-29 16:12:53.558 - INFO: [epoch: 29, iter: 990,300, lr:(1.998e-04,)] l_pix: 4.3959e+00 
21-09-29 16:14:09.649 - INFO: [epoch: 29, iter: 990,400, lr:(1.998e-04,)] l_pix: 4.6766e+00 
21-09-29 16:15:30.410 - INFO: [epoch: 29, iter: 990,500, lr:(1.998e-04,)] l_pix: 4.7732e+00 
21-09-29 16:16:56.008 - INFO: [epoch: 29, iter: 990,600, lr:(1.998e-04,)] l_pix: 4.8549e+00 
21-09-29 16:18:41.447 - INFO: [epoch: 29, iter: 990,700, lr:(1.998e-04,)] l_pix: 4.0421e+00 
21-09-29 16:20:28.776 - INFO: [epoch: 29, iter: 990,800, lr:(1.998e-04,)] l_pix: 4.8474e+00 
21-09-29 16:22:22.972 - INFO: [epoch: 29, iter: 990,900, lr:(1.998e-04,)] l_pix: 4.8021e+00 
21-09-29 16:24:14.500 - INFO: [epoch: 29, iter: 991,000, lr:(1.998e-04,)] l_pix: 5.5433e+00 
21-09-29 16:26:08.598 - INFO: [epoch: 29, iter: 991,100, lr:(1.998e-04,)] l_pix: 4.9841e+00 
21-09-29 16:28:00.741 - INFO: [epoch: 29, iter: 991,200, lr:(1.998e-04,)] l_pix: 4.2073e+00 
21-09-29 16:29:54.449 - INFO: [epoch: 29, iter: 991,300, lr:(1.999e-04,)] l_pix: 4.8044e+00 
21-09-29 16:31:34.202 - INFO: [epoch: 29, iter: 991,400, lr:(1.999e-04,)] l_pix: 5.4014e+00 
21-09-29 16:32:40.949 - INFO: [epoch: 29, iter: 991,500, lr:(1.999e-04,)] l_pix: 4.3128e+00 
21-09-29 16:34:01.786 - INFO: [epoch: 29, iter: 991,600, lr:(1.999e-04,)] l_pix: 5.0677e+00 
21-09-29 16:35:23.835 - INFO: [epoch: 29, iter: 991,700, lr:(1.999e-04,)] l_pix: 4.7640e+00 
21-09-29 16:36:46.582 - INFO: [epoch: 29, iter: 991,800, lr:(1.999e-04,)] l_pix: 5.1571e+00 
21-09-29 16:38:06.081 - INFO: [epoch: 29, iter: 991,900, lr:(1.999e-04,)] l_pix: 5.1046e+00 
21-09-29 16:39:31.045 - INFO: [epoch: 29, iter: 992,000, lr:(1.999e-04,)] l_pix: 5.3415e+00 
21-09-29 16:40:58.226 - INFO: [epoch: 29, iter: 992,100, lr:(1.999e-04,)] l_pix: 4.3487e+00 
21-09-29 16:42:11.651 - INFO: [epoch: 29, iter: 992,200, lr:(1.999e-04,)] l_pix: 4.9360e+00 
21-09-29 16:43:19.198 - INFO: [epoch: 29, iter: 992,300, lr:(1.999e-04,)] l_pix: 4.7606e+00 
21-09-29 16:44:25.282 - INFO: [epoch: 29, iter: 992,400, lr:(1.999e-04,)] l_pix: 4.5355e+00 
21-09-29 16:45:32.902 - INFO: [epoch: 29, iter: 992,500, lr:(1.999e-04,)] l_pix: 4.6409e+00 
21-09-29 16:46:40.507 - INFO: [epoch: 29, iter: 992,600, lr:(1.999e-04,)] l_pix: 4.4345e+00 
21-09-29 16:48:06.687 - INFO: [epoch: 29, iter: 992,700, lr:(1.999e-04,)] l_pix: 4.0548e+00 
21-09-29 16:49:28.815 - INFO: [epoch: 29, iter: 992,800, lr:(1.999e-04,)] l_pix: 4.0877e+00 
21-09-29 16:50:58.960 - INFO: [epoch: 29, iter: 992,900, lr:(1.999e-04,)] l_pix: 4.0821e+00 
21-09-29 16:52:21.116 - INFO: [epoch: 29, iter: 993,000, lr:(1.999e-04,)] l_pix: 5.1327e+00 
21-09-29 16:53:43.310 - INFO: [epoch: 29, iter: 993,100, lr:(1.999e-04,)] l_pix: 4.9944e+00 
21-09-29 16:55:05.594 - INFO: [epoch: 29, iter: 993,200, lr:(1.999e-04,)] l_pix: 4.3680e+00 
21-09-29 16:56:34.050 - INFO: [epoch: 29, iter: 993,300, lr:(1.999e-04,)] l_pix: 4.8585e+00 
21-09-29 16:57:56.994 - INFO: [epoch: 29, iter: 993,400, lr:(1.999e-04,)] l_pix: 4.4179e+00 
21-09-29 16:59:14.918 - INFO: [epoch: 29, iter: 993,500, lr:(1.999e-04,)] l_pix: 4.6913e+00 
21-09-29 17:00:28.603 - INFO: [epoch: 29, iter: 993,600, lr:(1.999e-04,)] l_pix: 4.9711e+00 
21-09-29 17:01:27.192 - INFO: [epoch: 29, iter: 993,700, lr:(1.999e-04,)] l_pix: 4.8866e+00 
21-09-29 17:02:42.692 - INFO: [epoch: 29, iter: 993,800, lr:(1.999e-04,)] l_pix: 4.8857e+00 
21-09-29 17:04:14.620 - INFO: [epoch: 29, iter: 993,900, lr:(1.999e-04,)] l_pix: 4.4308e+00 
21-09-29 17:05:44.157 - INFO: [epoch: 29, iter: 994,000, lr:(1.999e-04,)] l_pix: 4.8259e+00 
21-09-29 17:07:06.873 - INFO: [epoch: 29, iter: 994,100, lr:(1.999e-04,)] l_pix: 4.6265e+00 
21-09-29 17:08:29.098 - INFO: [epoch: 29, iter: 994,200, lr:(1.999e-04,)] l_pix: 4.9826e+00 
21-09-29 17:09:50.001 - INFO: [epoch: 29, iter: 994,300, lr:(1.999e-04,)] l_pix: 4.8834e+00 
21-09-29 17:11:10.778 - INFO: [epoch: 29, iter: 994,400, lr:(1.999e-04,)] l_pix: 4.9395e+00 
21-09-29 17:12:36.391 - INFO: [epoch: 29, iter: 994,500, lr:(1.999e-04,)] l_pix: 4.1017e+00 
21-09-29 17:13:56.737 - INFO: [epoch: 29, iter: 994,600, lr:(1.999e-04,)] l_pix: 4.7419e+00 
21-09-29 17:15:24.686 - INFO: [epoch: 29, iter: 994,700, lr:(1.999e-04,)] l_pix: 4.9852e+00 
21-09-29 17:16:44.508 - INFO: [epoch: 29, iter: 994,800, lr:(1.999e-04,)] l_pix: 3.9541e+00 
21-09-29 17:18:09.354 - INFO: [epoch: 29, iter: 994,900, lr:(1.999e-04,)] l_pix: 4.5094e+00 
21-09-29 17:19:26.198 - INFO: [epoch: 29, iter: 995,000, lr:(2.000e-04,)] l_pix: 4.8267e+00 
21-09-29 17:19:28.725 - INFO: # Validation # PSNR: 3.0441e+01
21-09-29 17:19:28.725 - INFO: Saving models and training states.
21-09-29 17:20:48.318 - INFO: [epoch: 29, iter: 995,100, lr:(2.000e-04,)] l_pix: 4.3209e+00 
21-09-29 17:22:06.365 - INFO: [epoch: 29, iter: 995,200, lr:(2.000e-04,)] l_pix: 4.6265e+00 
21-09-29 17:23:06.312 - INFO: [epoch: 29, iter: 995,300, lr:(2.000e-04,)] l_pix: 4.9773e+00 
21-09-29 17:24:25.987 - INFO: [epoch: 29, iter: 995,400, lr:(2.000e-04,)] l_pix: 4.6623e+00 
21-09-29 17:25:45.871 - INFO: [epoch: 29, iter: 995,500, lr:(2.000e-04,)] l_pix: 4.9320e+00 
21-09-29 17:27:03.629 - INFO: [epoch: 29, iter: 995,600, lr:(2.000e-04,)] l_pix: 4.7931e+00 
21-09-29 17:28:27.184 - INFO: [epoch: 29, iter: 995,700, lr:(2.000e-04,)] l_pix: 4.9633e+00 
21-09-29 17:29:47.789 - INFO: [epoch: 29, iter: 995,800, lr:(2.000e-04,)] l_pix: 4.8610e+00 
21-09-29 17:31:06.599 - INFO: [epoch: 29, iter: 995,900, lr:(2.000e-04,)] l_pix: 5.0677e+00 
21-09-29 17:32:23.202 - INFO: [epoch: 29, iter: 996,000, lr:(2.000e-04,)] l_pix: 3.9538e+00 
21-09-29 17:33:39.438 - INFO: [epoch: 29, iter: 996,100, lr:(2.000e-04,)] l_pix: 4.6400e+00 
21-09-29 17:34:55.024 - INFO: [epoch: 29, iter: 996,200, lr:(2.000e-04,)] l_pix: 5.1135e+00 
21-09-29 17:36:10.367 - INFO: [epoch: 29, iter: 996,300, lr:(2.000e-04,)] l_pix: 5.1212e+00 
21-09-29 17:37:25.353 - INFO: [epoch: 29, iter: 996,400, lr:(2.000e-04,)] l_pix: 5.3731e+00 
21-09-29 17:38:40.386 - INFO: [epoch: 29, iter: 996,500, lr:(2.000e-04,)] l_pix: 4.8120e+00 
21-09-29 17:39:53.610 - INFO: [epoch: 29, iter: 996,600, lr:(2.000e-04,)] l_pix: 4.7011e+00 
21-09-29 17:41:08.061 - INFO: [epoch: 29, iter: 996,700, lr:(2.000e-04,)] l_pix: 4.6034e+00 
21-09-29 17:42:22.213 - INFO: [epoch: 29, iter: 996,800, lr:(2.000e-04,)] l_pix: 4.8619e+00 
21-09-29 17:43:35.110 - INFO: [epoch: 29, iter: 996,900, lr:(2.000e-04,)] l_pix: 4.2670e+00 
21-09-29 17:44:49.291 - INFO: [epoch: 29, iter: 997,000, lr:(2.000e-04,)] l_pix: 4.9387e+00 
21-09-29 17:46:02.535 - INFO: [epoch: 29, iter: 997,100, lr:(2.000e-04,)] l_pix: 4.6244e+00 
21-09-29 17:47:16.700 - INFO: [epoch: 29, iter: 997,200, lr:(2.000e-04,)] l_pix: 4.5310e+00 
21-09-29 17:48:18.201 - INFO: [epoch: 29, iter: 997,300, lr:(2.000e-04,)] l_pix: 5.2206e+00 
21-09-29 17:49:17.080 - INFO: [epoch: 29, iter: 997,400, lr:(2.000e-04,)] l_pix: 4.9325e+00 
21-09-29 17:50:30.944 - INFO: [epoch: 29, iter: 997,500, lr:(2.000e-04,)] l_pix: 4.4400e+00 
21-09-29 17:52:01.675 - INFO: [epoch: 29, iter: 997,600, lr:(2.000e-04,)] l_pix: 4.3146e+00 
21-09-29 17:53:28.925 - INFO: [epoch: 29, iter: 997,700, lr:(2.000e-04,)] l_pix: 4.1716e+00 
21-09-29 17:54:53.794 - INFO: [epoch: 29, iter: 997,800, lr:(2.000e-04,)] l_pix: 4.9356e+00 
21-09-29 17:56:18.821 - INFO: [epoch: 29, iter: 997,900, lr:(2.000e-04,)] l_pix: 4.6978e+00 
21-09-29 17:57:42.297 - INFO: [epoch: 29, iter: 998,000, lr:(2.000e-04,)] l_pix: 5.2045e+00 
21-09-29 17:59:02.720 - INFO: [epoch: 29, iter: 998,100, lr:(2.000e-04,)] l_pix: 4.9820e+00 
21-09-29 18:00:22.909 - INFO: [epoch: 29, iter: 998,200, lr:(2.000e-04,)] l_pix: 4.7564e+00 
21-09-29 18:01:44.642 - INFO: [epoch: 29, iter: 998,300, lr:(2.000e-04,)] l_pix: 4.6367e+00 
21-09-29 18:03:03.769 - INFO: [epoch: 29, iter: 998,400, lr:(2.000e-04,)] l_pix: 5.1825e+00 
21-09-29 18:04:19.783 - INFO: [epoch: 29, iter: 998,500, lr:(2.000e-04,)] l_pix: 4.8428e+00 
21-09-29 18:05:45.953 - INFO: [epoch: 29, iter: 998,600, lr:(2.000e-04,)] l_pix: 4.8407e+00 
21-09-29 18:07:02.264 - INFO: [epoch: 29, iter: 998,700, lr:(2.000e-04,)] l_pix: 4.6495e+00 
21-09-29 18:08:19.266 - INFO: [epoch: 29, iter: 998,800, lr:(2.000e-04,)] l_pix: 4.1162e+00 
21-09-29 18:09:38.245 - INFO: [epoch: 29, iter: 998,900, lr:(2.000e-04,)] l_pix: 4.5380e+00 
21-09-29 18:10:57.235 - INFO: [epoch: 29, iter: 999,000, lr:(2.000e-04,)] l_pix: 4.6098e+00 
21-09-29 18:12:06.761 - INFO: [epoch: 29, iter: 999,100, lr:(2.000e-04,)] l_pix: 5.0841e+00 
21-09-29 18:13:06.014 - INFO: [epoch: 29, iter: 999,200, lr:(2.000e-04,)] l_pix: 4.6485e+00 
21-09-29 18:14:15.537 - INFO: [epoch: 29, iter: 999,300, lr:(2.000e-04,)] l_pix: 4.2549e+00 
21-09-29 18:15:33.256 - INFO: [epoch: 29, iter: 999,400, lr:(2.000e-04,)] l_pix: 4.4578e+00 
21-09-29 18:16:40.585 - INFO: [epoch: 29, iter: 999,500, lr:(2.000e-04,)] l_pix: 4.0202e+00 
21-09-29 18:18:04.999 - INFO: [epoch: 29, iter: 999,600, lr:(2.000e-04,)] l_pix: 4.7965e+00 
21-09-29 18:19:21.235 - INFO: [epoch: 29, iter: 999,700, lr:(2.000e-04,)] l_pix: 5.1074e+00 
21-09-29 18:20:30.182 - INFO: [epoch: 29, iter: 999,800, lr:(2.000e-04,)] l_pix: 4.4536e+00 
21-09-29 18:21:47.255 - INFO: [epoch: 29, iter: 999,900, lr:(2.000e-04,)] l_pix: 4.1239e+00 
21-09-29 18:22:58.213 - INFO: [epoch: 29, iter:1,000,000, lr:(2.000e-04,)] l_pix: 4.4450e+00 
21-09-29 18:23:00.775 - INFO: # Validation # PSNR: 3.0434e+01
21-09-29 18:23:00.775 - INFO: Saving models and training states.
21-09-29 18:23:04.627 - INFO: Saving the final model.
21-09-29 18:23:05.258 - INFO: End of training.
