
21-09-02 01:41:08.410 - INFO:   name: ClassSR_RCAN
  use_tb_logger: True
  model: ClassSR
  distortion: sr
  scale: 4
  gpu_ids: [0, 1, 2, 3]
  patch_size: 32
  step: 28
  fix_SR_module: True
  datasets:[
    train:[
      name: DIV2K
      mode: LQGT_rcan
      dataroot_GT: /home/data2/zhangjiaqing/DIV2K/DIV2K_scale_sub/GT
      dataroot_LQ: /home/data2/zhangjiaqing/DIV2K/DIV2K_scale_sub/LR
      use_shuffle: True
      n_workers: 4
      batch_size: 15
      GT_size: 128
      use_flip: True
      use_rot: True
      color: RGB
      phase: train
      scale: 4
      data_type: img
    ]
    val:[
      name: DIV2K10
      mode: LQGT_rcan
      dataroot_GT: /home/data2/zhangjiaqing/DIV2K/val_10/HR
      dataroot_LQ: /home/data2/zhangjiaqing/DIV2K/val_10/LR
      phase: val
      scale: 4
      data_type: img
    ]
  ]
  network_G:[
    which_model_G: classSR_3class_rcan
    in_nc: 3
    out_nc: 3
    scale: 4
  ]
  path:[
    pretrain_model_G: ./experiments/pre_trained_models/15000_G.pth
    pretrain_model_classifier: None
    pretrain_model_G_branch1: ./experiments/pre_trained_models/RCAN_branch1.pdparams
    pretrain_model_G_branch2: ./experiments/pre_trained_models/RCAN_branch2.pdparams
    pretrain_model_G_branch3: ./experiments/pre_trained_models/RCAN_branch3.pdparams
    resume_state: ./experiments/pre_trained_models/15000.state
    strict_load: True
    root: /home/zhangjiaqing/zjq/ClassSR-main_paddle
    experiments_root: ./experiments_log/ClassSR_RCAN
    models: ./experiments_log/ClassSR_RCAN/models
    training_state: ./experiments_log/ClassSR_RCAN/training_state
    log: ./experiments_log/ClassSR_RCAN
    val_images: ./experiments_log/ClassSR_RCAN/val_images
  ]
  train:[
    lr_G: 0.0002
    lr_scheme: CosineAnnealingLR_Restart
    beta1: 0.9
    beta2: 0.99
    niter: 200000
    warmup_iter: -1
    T_period: [500000, 20000]
    restarts: [500000]
    restart_weights: [0.5]
    eta_min: 2e-06
    pixel_criterion: ClassSR_loss
    l1w: 2000
    class_loss_w: 1
    average_loss_w: 6
    manual_seed: 10
    val_freq: 1000.0
  ]
  logger:[
    print_freq: 100
    save_checkpoint_freq: 2000.0
  ]
  is_train: True
21-09-02 01:47:34.560 - INFO: Model [ClassSR_Model] is created.
21-09-02 01:47:34.560 - INFO: Start training from epoch: 0, iter: 0
21-09-02 01:49:10.719 - INFO: [epoch:  0, iter:     100, lr:(2.000e-04,)] l_pix: 4.9146e+00 class_loss: 5.1355e-01 average_loss: 6.3659e-01 loss: 9.8335e+03 
21-09-02 01:50:49.301 - INFO: [epoch:  0, iter:     200, lr:(2.000e-04,)] l_pix: 7.3571e+00 class_loss: 4.8760e-01 average_loss: 6.4308e-01 loss: 1.4719e+04 
21-09-02 01:52:37.259 - INFO: [epoch:  0, iter:     300, lr:(2.000e-04,)] l_pix: 4.9574e+00 class_loss: 5.1762e-01 average_loss: 6.1916e-01 loss: 9.9189e+03 
21-09-02 01:54:12.222 - INFO: [epoch:  0, iter:     400, lr:(2.000e-04,)] l_pix: 4.4842e+00 class_loss: 7.6196e-01 average_loss: 4.7524e-01 loss: 8.9720e+03 
21-09-02 01:55:46.809 - INFO: [epoch:  0, iter:     500, lr:(2.000e-04,)] l_pix: 5.4177e+00 class_loss: 6.2825e-01 average_loss: 5.3731e-01 loss: 1.0839e+04 
21-09-02 01:57:16.729 - INFO: [epoch:  0, iter:     600, lr:(2.000e-04,)] l_pix: 6.0080e+00 class_loss: 6.1913e-01 average_loss: 5.4182e-01 loss: 1.2020e+04 
21-09-02 01:58:46.620 - INFO: [epoch:  0, iter:     700, lr:(2.000e-04,)] l_pix: 5.3152e+00 class_loss: 4.4985e-01 average_loss: 6.6879e-01 loss: 1.0635e+04 
21-09-02 02:00:16.431 - INFO: [epoch:  0, iter:     800, lr:(2.000e-04,)] l_pix: 4.9547e+00 class_loss: 6.8231e-01 average_loss: 5.0003e-01 loss: 9.9130e+03 
21-09-02 02:01:47.091 - INFO: [epoch:  0, iter:     900, lr:(2.000e-04,)] l_pix: 6.9954e+00 class_loss: 6.2927e-01 average_loss: 5.3112e-01 loss: 1.3995e+04 
21-09-02 02:03:16.995 - INFO: [epoch:  0, iter:   1,000, lr:(2.000e-04,)] l_pix: 4.8743e+00 class_loss: 6.4312e-01 average_loss: 5.2883e-01 loss: 9.7525e+03 
21-09-02 02:04:46.936 - INFO: [epoch:  0, iter:   1,100, lr:(2.000e-04,)] l_pix: 4.0449e+00 class_loss: 7.2438e-01 average_loss: 4.8112e-01 loss: 8.0934e+03 
21-09-02 02:06:16.095 - INFO: [epoch:  0, iter:   1,200, lr:(2.000e-04,)] l_pix: 6.1259e+00 class_loss: 5.5756e-01 average_loss: 5.8642e-01 loss: 1.2256e+04 
21-09-02 02:07:45.630 - INFO: [epoch:  0, iter:   1,300, lr:(2.000e-04,)] l_pix: 5.0703e+00 class_loss: 6.6132e-01 average_loss: 5.1539e-01 loss: 1.0144e+04 
21-09-02 02:09:15.349 - INFO: [epoch:  0, iter:   1,400, lr:(2.000e-04,)] l_pix: 5.3779e+00 class_loss: 5.2869e-01 average_loss: 6.0743e-01 loss: 1.0760e+04 
21-09-02 02:10:45.710 - INFO: [epoch:  0, iter:   1,500, lr:(2.000e-04,)] l_pix: 6.2747e+00 class_loss: 5.7483e-01 average_loss: 5.7421e-01 loss: 1.2553e+04 
21-09-02 02:12:15.765 - INFO: [epoch:  0, iter:   1,600, lr:(2.000e-04,)] l_pix: 5.4186e+00 class_loss: 6.9930e-01 average_loss: 4.9139e-01 loss: 1.0841e+04 
21-09-02 02:13:45.613 - INFO: [epoch:  0, iter:   1,700, lr:(2.000e-04,)] l_pix: 6.1728e+00 class_loss: 3.6017e-01 average_loss: 7.3497e-01 loss: 1.2350e+04 
21-09-02 02:15:15.844 - INFO: [epoch:  0, iter:   1,800, lr:(2.000e-04,)] l_pix: 4.0309e+00 class_loss: 7.2923e-01 average_loss: 4.7787e-01 loss: 8.0654e+03 
21-09-02 02:16:45.493 - INFO: [epoch:  0, iter:   1,900, lr:(2.000e-04,)] l_pix: 5.4826e+00 class_loss: 6.7399e-01 average_loss: 5.0059e-01 loss: 1.0969e+04 
21-09-02 02:18:15.343 - INFO: [epoch:  0, iter:   2,000, lr:(2.000e-04,)] l_pix: 5.4795e+00 class_loss: 7.7525e-01 average_loss: 4.8718e-01 loss: 1.0963e+04 
21-09-02 02:19:45.219 - INFO: [epoch:  0, iter:   2,100, lr:(2.000e-04,)] l_pix: 6.7411e+00 class_loss: 6.0509e-01 average_loss: 5.5445e-01 loss: 1.3486e+04 
21-09-02 02:21:15.280 - INFO: [epoch:  0, iter:   2,200, lr:(2.000e-04,)] l_pix: 7.5358e+00 class_loss: 5.9366e-01 average_loss: 5.6295e-01 loss: 1.5076e+04 
21-09-02 02:22:45.313 - INFO: [epoch:  0, iter:   2,300, lr:(2.000e-04,)] l_pix: 6.3107e+00 class_loss: 6.8135e-01 average_loss: 5.0465e-01 loss: 1.2625e+04 
21-09-02 02:24:15.073 - INFO: [epoch:  0, iter:   2,400, lr:(2.000e-04,)] l_pix: 6.4181e+00 class_loss: 6.8523e-01 average_loss: 4.9567e-01 loss: 1.2840e+04 
21-09-02 02:25:49.130 - INFO: [epoch:  0, iter:   2,500, lr:(2.000e-04,)] l_pix: 5.6920e+00 class_loss: 5.8807e-01 average_loss: 5.6221e-01 loss: 1.1388e+04 
21-09-02 02:27:29.611 - INFO: [epoch:  0, iter:   2,600, lr:(2.000e-04,)] l_pix: 5.4671e+00 class_loss: 5.8244e-01 average_loss: 5.7239e-01 loss: 1.0938e+04 
21-09-02 02:29:06.932 - INFO: [epoch:  0, iter:   2,700, lr:(2.000e-04,)] l_pix: 5.1741e+00 class_loss: 6.8132e-01 average_loss: 4.9871e-01 loss: 1.0352e+04 
21-09-02 02:30:44.478 - INFO: [epoch:  0, iter:   2,800, lr:(2.000e-04,)] l_pix: 6.4828e+00 class_loss: 7.0426e-01 average_loss: 4.8648e-01 loss: 1.2969e+04 
21-09-02 02:32:36.531 - INFO: [epoch:  0, iter:   2,900, lr:(2.000e-04,)] l_pix: 4.4409e+00 class_loss: 6.5114e-01 average_loss: 5.1896e-01 loss: 8.8856e+03 
21-09-02 02:34:10.904 - INFO: [epoch:  0, iter:   3,000, lr:(2.000e-04,)] l_pix: 6.3754e+00 class_loss: 3.9773e-01 average_loss: 7.0451e-01 loss: 1.2755e+04 
21-09-02 02:35:42.421 - INFO: [epoch:  0, iter:   3,100, lr:(2.000e-04,)] l_pix: 6.3937e+00 class_loss: 6.3258e-01 average_loss: 5.3442e-01 loss: 1.2791e+04 
21-09-02 02:37:12.422 - INFO: [epoch:  0, iter:   3,200, lr:(2.000e-04,)] l_pix: 4.8247e+00 class_loss: 6.6042e-01 average_loss: 5.1795e-01 loss: 9.6531e+03 
21-09-02 02:38:42.393 - INFO: [epoch:  0, iter:   3,300, lr:(2.000e-04,)] l_pix: 7.1974e+00 class_loss: 7.0146e-01 average_loss: 4.9462e-01 loss: 1.4399e+04 
21-09-02 02:40:12.190 - INFO: [epoch:  0, iter:   3,400, lr:(2.000e-04,)] l_pix: 5.8937e+00 class_loss: 7.4435e-01 average_loss: 4.7982e-01 loss: 1.1791e+04 
21-09-02 02:41:42.230 - INFO: [epoch:  0, iter:   3,500, lr:(2.000e-04,)] l_pix: 5.3274e+00 class_loss: 4.5841e-01 average_loss: 6.5956e-01 loss: 1.0659e+04 
21-09-02 02:43:12.220 - INFO: [epoch:  0, iter:   3,600, lr:(2.000e-04,)] l_pix: 5.1623e+00 class_loss: 6.4589e-01 average_loss: 5.2733e-01 loss: 1.0328e+04 
21-09-02 02:44:42.248 - INFO: [epoch:  0, iter:   3,700, lr:(2.000e-04,)] l_pix: 7.0335e+00 class_loss: 6.0456e-01 average_loss: 5.5779e-01 loss: 1.4071e+04 
21-09-02 02:46:12.148 - INFO: [epoch:  0, iter:   3,800, lr:(2.000e-04,)] l_pix: 6.2329e+00 class_loss: 6.5023e-01 average_loss: 5.2161e-01 loss: 1.2470e+04 
21-09-02 02:47:49.508 - INFO: [epoch:  0, iter:   3,900, lr:(2.000e-04,)] l_pix: 6.3654e+00 class_loss: 5.3320e-01 average_loss: 6.0251e-01 loss: 1.2735e+04 
21-09-02 02:49:25.997 - INFO: [epoch:  0, iter:   4,000, lr:(2.000e-04,)] l_pix: 6.3312e+00 class_loss: 6.2752e-01 average_loss: 5.3777e-01 loss: 1.2666e+04 
21-09-02 02:51:04.085 - INFO: [epoch:  0, iter:   4,100, lr:(2.000e-04,)] l_pix: 6.8142e+00 class_loss: 7.0875e-01 average_loss: 4.8817e-01 loss: 1.3632e+04 
21-09-02 02:52:41.000 - INFO: [epoch:  0, iter:   4,200, lr:(2.000e-04,)] l_pix: 4.9497e+00 class_loss: 4.7440e-01 average_loss: 6.5083e-01 loss: 9.9037e+03 
21-09-02 02:54:21.388 - INFO: [epoch:  0, iter:   4,300, lr:(2.000e-04,)] l_pix: 4.7148e+00 class_loss: 6.0544e-01 average_loss: 5.6490e-01 loss: 9.4336e+03 
21-09-02 02:55:51.856 - INFO: [epoch:  0, iter:   4,400, lr:(2.000e-04,)] l_pix: 7.0186e+00 class_loss: 6.7013e-01 average_loss: 5.1527e-01 loss: 1.4041e+04 
21-09-02 02:57:21.536 - INFO: [epoch:  0, iter:   4,500, lr:(2.000e-04,)] l_pix: 6.1234e+00 class_loss: 8.2713e-01 average_loss: 4.5986e-01 loss: 1.2250e+04 
21-09-02 02:58:50.635 - INFO: [epoch:  0, iter:   4,600, lr:(2.000e-04,)] l_pix: 5.2578e+00 class_loss: 5.5652e-01 average_loss: 5.8914e-01 loss: 1.0520e+04 
21-09-02 03:00:19.426 - INFO: [epoch:  0, iter:   4,700, lr:(2.000e-04,)] l_pix: 6.8638e+00 class_loss: 5.6492e-01 average_loss: 5.8348e-01 loss: 1.3732e+04 
21-09-02 03:01:48.322 - INFO: [epoch:  0, iter:   4,800, lr:(2.000e-04,)] l_pix: 5.7770e+00 class_loss: 7.5719e-01 average_loss: 4.8375e-01 loss: 1.1558e+04 
21-09-02 03:03:16.951 - INFO: [epoch:  0, iter:   4,900, lr:(2.000e-04,)] l_pix: 4.6475e+00 class_loss: 5.7838e-01 average_loss: 5.7227e-01 loss: 9.2990e+03 
21-09-02 03:04:45.273 - INFO: [epoch:  0, iter:   5,000, lr:(2.000e-04,)] l_pix: 6.6104e+00 class_loss: 6.0891e-01 average_loss: 5.6454e-01 loss: 1.3225e+04 
[                                                  ] 0/10, elapsed: 0s, ETA:
Start...
[>>>>>---------------------------------------------] 1/10, 0.0 task/s, elapsed: 53s, ETA:   480s
Test 0801x4
[>>>>>>>>>>----------------------------------------] 2/10, 0.0 task/s, elapsed: 106s, ETA:   425s
Test 0802x4
[>>>>>>>>>>>>>>>-----------------------------------] 3/10, 0.0 task/s, elapsed: 169s, ETA:   393s
Test 0803x4
[>>>>>>>>>>>>>>>>>>>>------------------------------] 4/10, 0.0 task/s, elapsed: 217s, ETA:   325s
Test 0804x4
[>>>>>>>>>>>>>>>>>>>>>>>>>-------------------------] 5/10, 0.0 task/s, elapsed: 279s, ETA:   279s
Test 0805x4
[>>>>>>>>>>>>>>>>>>>>>>>>>>>>>>--------------------] 6/10, 0.0 task/s, elapsed: 332s, ETA:   221s
Test 0806x4
[>>>>>>>>>>>>>>>>>>>>>>>>>>>>>>>>>>>---------------] 7/10, 0.0 task/s, elapsed: 375s, ETA:   161s
Test 0807x4
[>>>>>>>>>>>>>>>>>>>>>>>>>>>>>>>>>>>>>>>>----------] 8/10, 0.0 task/s, elapsed: 428s, ETA:   107s
Test 0808x4
[>>>>>>>>>>>>>>>>>>>>>>>>>>>>>>>>>>>>>>>>>>>>>-----] 9/10, 0.0 task/s, elapsed: 481s, ETA:    53s
Test 0809x4
[>>>>>>>>>>>>>>>>>>>>>>>>>>>>>>>>>>>>>>>>>>>>>>>>>>] 10/10, 0.0 task/s, elapsed: 544s, ETA:     0s
Test 0810x4
21-09-02 03:06:12.901 - INFO: # Validation # PSNR: 2.3792e+02
21-09-02 03:06:12.901 - INFO: # Validation # FLOPs: 3.1613e+01
21-09-02 03:06:12.901 - INFO: # Validation # Percent: 9.6974e-01
21-09-02 03:06:12.901 - INFO: # Validation # TYPE num: 1 158 1876 
21-09-02 03:06:12.901 - INFO: # Validation # PSNR Class: 0.0 39.75599315508531 32.760504862593095
21-09-02 03:06:12.902 - INFO: Saving models and training states.
21-09-02 03:06:15.092 - INFO: [epoch:  0, iter:   5,100, lr:(1.999e-04,)] l_pix: 5.3195e+00 class_loss: 5.5378e-01 average_loss: 5.9370e-01 loss: 1.0643e+04 
21-09-02 03:07:44.116 - INFO: [epoch:  0, iter:   5,200, lr:(1.999e-04,)] l_pix: 6.5999e+00 class_loss: 5.0318e-01 average_loss: 6.2310e-01 loss: 1.3204e+04 
21-09-02 03:09:22.437 - INFO: [epoch:  0, iter:   5,300, lr:(1.999e-04,)] l_pix: 6.8804e+00 class_loss: 5.8297e-01 average_loss: 5.8349e-01 loss: 1.3765e+04 
21-09-02 03:11:05.133 - INFO: [epoch:  0, iter:   5,400, lr:(1.999e-04,)] l_pix: 4.9856e+00 class_loss: 5.6683e-01 average_loss: 5.8307e-01 loss: 9.9752e+03 
21-09-02 03:12:43.270 - INFO: [epoch:  0, iter:   5,500, lr:(1.999e-04,)] l_pix: 4.9869e+00 class_loss: 7.2238e-01 average_loss: 4.8945e-01 loss: 9.9774e+03 
21-09-02 03:14:27.319 - INFO: [epoch:  0, iter:   5,600, lr:(1.999e-04,)] l_pix: 6.3409e+00 class_loss: 6.1490e-01 average_loss: 5.4138e-01 loss: 1.2686e+04 
21-09-02 03:16:01.491 - INFO: [epoch:  0, iter:   5,700, lr:(1.999e-04,)] l_pix: 6.6173e+00 class_loss: 2.9066e-01 average_loss: 7.8411e-01 loss: 1.3240e+04 
21-09-02 03:17:31.436 - INFO: [epoch:  0, iter:   5,800, lr:(1.999e-04,)] l_pix: 4.1822e+00 class_loss: 6.6359e-01 average_loss: 5.0963e-01 loss: 8.3681e+03 
21-09-02 03:19:09.602 - INFO: [epoch:  0, iter:   5,900, lr:(1.999e-04,)] l_pix: 5.8219e+00 class_loss: 6.3401e-01 average_loss: 5.3787e-01 loss: 1.1648e+04 
21-09-02 03:20:40.921 - INFO: [epoch:  0, iter:   6,000, lr:(1.999e-04,)] l_pix: 5.8993e+00 class_loss: 6.8603e-01 average_loss: 4.9292e-01 loss: 1.1802e+04 
21-09-02 03:22:10.342 - INFO: [epoch:  0, iter:   6,100, lr:(1.999e-04,)] l_pix: 4.2026e+00 class_loss: 4.4874e-01 average_loss: 6.6369e-01 loss: 8.4096e+03 
21-09-02 03:23:39.948 - INFO: [epoch:  0, iter:   6,200, lr:(1.999e-04,)] l_pix: 7.1653e+00 class_loss: 7.5888e-01 average_loss: 4.4932e-01 loss: 1.4334e+04 
21-09-02 03:25:09.476 - INFO: [epoch:  0, iter:   6,300, lr:(1.999e-04,)] l_pix: 6.4152e+00 class_loss: 5.7372e-01 average_loss: 5.7122e-01 loss: 1.2834e+04 
21-09-02 03:26:39.081 - INFO: [epoch:  0, iter:   6,400, lr:(1.999e-04,)] l_pix: 6.0403e+00 class_loss: 4.7182e-01 average_loss: 6.4792e-01 loss: 1.2085e+04 
21-09-02 03:28:08.789 - INFO: [epoch:  0, iter:   6,500, lr:(1.999e-04,)] l_pix: 5.7619e+00 class_loss: 6.2571e-01 average_loss: 5.3767e-01 loss: 1.1528e+04 
21-09-02 03:29:43.652 - INFO: [epoch:  0, iter:   6,600, lr:(1.999e-04,)] l_pix: 6.2191e+00 class_loss: 5.6248e-01 average_loss: 5.7963e-01 loss: 1.2442e+04 
21-09-02 03:31:23.458 - INFO: [epoch:  0, iter:   6,700, lr:(1.999e-04,)] l_pix: 6.4573e+00 class_loss: 6.3090e-01 average_loss: 5.2329e-01 loss: 1.2918e+04 
21-09-02 03:33:00.962 - INFO: [epoch:  0, iter:   6,800, lr:(1.999e-04,)] l_pix: 6.2792e+00 class_loss: 5.0877e-01 average_loss: 6.2089e-01 loss: 1.2563e+04 
21-09-02 03:34:36.920 - INFO: [epoch:  0, iter:   6,900, lr:(1.999e-04,)] l_pix: 5.7352e+00 class_loss: 6.2225e-01 average_loss: 4.9887e-01 loss: 1.1474e+04 
21-09-02 03:36:15.851 - INFO: [epoch:  0, iter:   7,000, lr:(1.999e-04,)] l_pix: 6.3472e+00 class_loss: 5.5992e-01 average_loss: 5.7691e-01 loss: 1.2699e+04 
21-09-02 03:38:16.954 - INFO: [epoch:  0, iter:   7,100, lr:(1.999e-04,)] l_pix: 6.1989e+00 class_loss: 5.9744e-01 average_loss: 5.5109e-01 loss: 1.2402e+04 
21-09-02 03:39:54.826 - INFO: [epoch:  0, iter:   7,200, lr:(1.999e-04,)] l_pix: 5.4405e+00 class_loss: 7.5502e-01 average_loss: 4.9029e-01 loss: 1.0885e+04 
21-09-02 03:41:24.020 - INFO: [epoch:  0, iter:   7,300, lr:(1.999e-04,)] l_pix: 5.5266e+00 class_loss: 5.6678e-01 average_loss: 5.6200e-01 loss: 1.1057e+04 
21-09-02 03:42:52.994 - INFO: [epoch:  0, iter:   7,400, lr:(1.999e-04,)] l_pix: 6.9008e+00 class_loss: 3.6325e-01 average_loss: 7.0325e-01 loss: 1.3806e+04 
21-09-02 03:44:21.683 - INFO: [epoch:  0, iter:   7,500, lr:(1.999e-04,)] l_pix: 7.3362e+00 class_loss: 6.8615e-01 average_loss: 4.7442e-01 loss: 1.4676e+04 
21-09-02 03:45:50.659 - INFO: [epoch:  0, iter:   7,600, lr:(1.999e-04,)] l_pix: 5.8095e+00 class_loss: 5.4736e-01 average_loss: 5.7809e-01 loss: 1.1623e+04 
21-09-02 03:47:19.560 - INFO: [epoch:  0, iter:   7,700, lr:(1.999e-04,)] l_pix: 5.6655e+00 class_loss: 6.5547e-01 average_loss: 5.0482e-01 loss: 1.1335e+04 
21-09-02 03:48:48.628 - INFO: [epoch:  0, iter:   7,800, lr:(1.999e-04,)] l_pix: 5.5366e+00 class_loss: 6.3711e-01 average_loss: 4.8951e-01 loss: 1.1077e+04 
21-09-02 03:50:17.602 - INFO: [epoch:  0, iter:   7,900, lr:(1.999e-04,)] l_pix: 4.4746e+00 class_loss: 6.7240e-01 average_loss: 4.8928e-01 loss: 8.9528e+03 
21-09-02 03:51:46.471 - INFO: [epoch:  0, iter:   8,000, lr:(1.999e-04,)] l_pix: 5.9475e+00 class_loss: 6.5132e-01 average_loss: 4.9005e-01 loss: 1.1899e+04 
21-09-02 03:53:15.236 - INFO: [epoch:  0, iter:   8,100, lr:(1.999e-04,)] l_pix: 7.4331e+00 class_loss: 5.9042e-01 average_loss: 5.4153e-01 loss: 1.4870e+04 
21-09-02 03:54:43.908 - INFO: [epoch:  0, iter:   8,200, lr:(1.999e-04,)] l_pix: 7.4022e+00 class_loss: 4.6854e-01 average_loss: 6.4953e-01 loss: 1.4809e+04 
21-09-02 03:56:12.883 - INFO: [epoch:  0, iter:   8,300, lr:(1.999e-04,)] l_pix: 6.3611e+00 class_loss: 5.9117e-01 average_loss: 4.8716e-01 loss: 1.2726e+04 
21-09-02 03:57:41.757 - INFO: [epoch:  0, iter:   8,400, lr:(1.999e-04,)] l_pix: 5.3346e+00 class_loss: 6.0562e-01 average_loss: 5.3063e-01 loss: 1.0673e+04 
21-09-02 03:59:10.522 - INFO: [epoch:  0, iter:   8,500, lr:(1.999e-04,)] l_pix: 5.6298e+00 class_loss: 5.4030e-01 average_loss: 5.9515e-01 loss: 1.1264e+04 
21-09-02 04:00:39.431 - INFO: [epoch:  0, iter:   8,600, lr:(1.999e-04,)] l_pix: 5.1287e+00 class_loss: 7.2146e-01 average_loss: 4.8972e-01 loss: 1.0261e+04 
21-09-02 04:02:08.186 - INFO: [epoch:  0, iter:   8,700, lr:(1.999e-04,)] l_pix: 5.5572e+00 class_loss: 6.0686e-01 average_loss: 5.0637e-01 loss: 1.1118e+04 
21-09-02 04:03:36.883 - INFO: [epoch:  0, iter:   8,800, lr:(1.998e-04,)] l_pix: 5.6112e+00 class_loss: 5.5185e-01 average_loss: 5.8722e-01 loss: 1.1226e+04 
21-09-02 04:05:05.609 - INFO: [epoch:  0, iter:   8,900, lr:(1.998e-04,)] l_pix: 6.3911e+00 class_loss: 5.6859e-01 average_loss: 5.5254e-01 loss: 1.2786e+04 
21-09-02 04:06:37.627 - INFO: [epoch:  0, iter:   9,000, lr:(1.998e-04,)] l_pix: 4.6461e+00 class_loss: 5.9908e-01 average_loss: 5.0809e-01 loss: 9.2958e+03 
21-09-02 04:08:15.819 - INFO: [epoch:  0, iter:   9,100, lr:(1.998e-04,)] l_pix: 5.0426e+00 class_loss: 6.7925e-01 average_loss: 4.8930e-01 loss: 1.0089e+04 
21-09-02 04:10:00.252 - INFO: [epoch:  0, iter:   9,200, lr:(1.998e-04,)] l_pix: 6.1777e+00 class_loss: 6.4377e-01 average_loss: 5.0229e-01 loss: 1.2359e+04 
21-09-02 04:11:36.094 - INFO: [epoch:  0, iter:   9,300, lr:(1.998e-04,)] l_pix: 5.9585e+00 class_loss: 5.0323e-01 average_loss: 5.8073e-01 loss: 1.1921e+04 
21-09-02 04:13:09.102 - INFO: [epoch:  0, iter:   9,400, lr:(1.998e-04,)] l_pix: 5.4680e+00 class_loss: 5.3661e-01 average_loss: 5.4136e-01 loss: 1.0940e+04 
21-09-02 04:14:39.330 - INFO: [epoch:  0, iter:   9,500, lr:(1.998e-04,)] l_pix: 5.2165e+00 class_loss: 6.5381e-01 average_loss: 4.7515e-01 loss: 1.0436e+04 
21-09-02 04:16:09.489 - INFO: [epoch:  0, iter:   9,600, lr:(1.998e-04,)] l_pix: 4.6757e+00 class_loss: 7.2327e-01 average_loss: 4.7101e-01 loss: 9.3550e+03 
21-09-02 04:17:39.425 - INFO: [epoch:  0, iter:   9,700, lr:(1.998e-04,)] l_pix: 5.3428e+00 class_loss: 4.7106e-01 average_loss: 6.4425e-01 loss: 1.0690e+04 
21-09-02 04:19:09.335 - INFO: [epoch:  0, iter:   9,800, lr:(1.998e-04,)] l_pix: 5.6829e+00 class_loss: 5.0787e-01 average_loss: 5.5937e-01 loss: 1.1370e+04 
21-09-02 04:20:39.367 - INFO: [epoch:  0, iter:   9,900, lr:(1.998e-04,)] l_pix: 6.6018e+00 class_loss: 4.8159e-01 average_loss: 6.3006e-01 loss: 1.3208e+04 
21-09-02 04:22:09.228 - INFO: [epoch:  0, iter:  10,000, lr:(1.998e-04,)] l_pix: 5.7262e+00 class_loss: 6.1550e-01 average_loss: 4.8990e-01 loss: 1.1456e+04 
[                                                  ] 0/10, elapsed: 0s, ETA:
Start...
[>>>>>---------------------------------------------] 1/10, 0.0 task/s, elapsed: 53s, ETA:   480s
Test 0801x4
[>>>>>>>>>>----------------------------------------] 2/10, 0.0 task/s, elapsed: 106s, ETA:   425s
Test 0802x4
[>>>>>>>>>>>>>>>-----------------------------------] 3/10, 0.0 task/s, elapsed: 169s, ETA:   393s
Test 0803x4
[>>>>>>>>>>>>>>>>>>>>------------------------------] 4/10, 0.0 task/s, elapsed: 217s, ETA:   325s
Test 0804x4
[>>>>>>>>>>>>>>>>>>>>>>>>>-------------------------] 5/10, 0.0 task/s, elapsed: 279s, ETA:   279s
Test 0805x4
[>>>>>>>>>>>>>>>>>>>>>>>>>>>>>>--------------------] 6/10, 0.0 task/s, elapsed: 332s, ETA:   221s
Test 0806x4
[>>>>>>>>>>>>>>>>>>>>>>>>>>>>>>>>>>>---------------] 7/10, 0.0 task/s, elapsed: 375s, ETA:   161s
Test 0807x4
[>>>>>>>>>>>>>>>>>>>>>>>>>>>>>>>>>>>>>>>>----------] 8/10, 0.0 task/s, elapsed: 428s, ETA:   107s
Test 0808x4
[>>>>>>>>>>>>>>>>>>>>>>>>>>>>>>>>>>>>>>>>>>>>>-----] 9/10, 0.0 task/s, elapsed: 481s, ETA:    53s
Test 0809x4
[>>>>>>>>>>>>>>>>>>>>>>>>>>>>>>>>>>>>>>>>>>>>>>>>>>] 10/10, 0.0 task/s, elapsed: 544s, ETA:     0s
Test 0810x4
21-09-02 04:31:12.901 - INFO: # Validation # PSNR: 2.9792e+02
21-09-02 04:31:12.901 - INFO: # Validation # FLOPs: 3.1613e+01
21-09-02 04:31:12.901 - INFO: # Validation # Percent: 9.6974e-01
21-09-02 04:31:12.901 - INFO: # Validation # TYPE num: 1 158 1876 
21-09-02 04:31:12.901 - INFO: # Validation # PSNR Class: 0.0 39.75599315508531 32.760504862593095
21-09-02 04:31:12.902 - INFO: Saving models and training states.
21-09-02 04:32:46.382 - INFO: [epoch:  0, iter:  10,100, lr:(1.998e-04,)] l_pix: 5.9324e+00 class_loss: 5.7908e-01 average_loss: 5.3788e-01 loss: 1.1869e+04 
21-09-02 04:34:16.015 - INFO: [epoch:  0, iter:  10,200, lr:(1.998e-04,)] l_pix: 5.7530e+00 class_loss: 6.3582e-01 average_loss: 4.9661e-01 loss: 1.1510e+04 
21-09-02 04:35:45.734 - INFO: [epoch:  0, iter:  10,300, lr:(1.998e-04,)] l_pix: 6.1080e+00 class_loss: 6.7706e-01 average_loss: 4.9530e-01 loss: 1.2220e+04 
21-09-02 04:37:19.217 - INFO: [epoch:  0, iter:  10,400, lr:(1.998e-04,)] l_pix: 4.6943e+00 class_loss: 7.2818e-01 average_loss: 4.9205e-01 loss: 9.3924e+03 
21-09-02 04:38:59.169 - INFO: [epoch:  0, iter:  10,500, lr:(1.998e-04,)] l_pix: 4.8454e+00 class_loss: 5.7144e-01 average_loss: 5.2328e-01 loss: 9.6945e+03 
21-09-02 04:40:36.902 - INFO: [epoch:  0, iter:  10,600, lr:(1.998e-04,)] l_pix: 5.1312e+00 class_loss: 5.4434e-01 average_loss: 5.4329e-01 loss: 1.0266e+04 
21-09-02 04:42:08.919 - INFO: [epoch:  0, iter:  10,700, lr:(1.998e-04,)] l_pix: 6.2176e+00 class_loss: 6.5009e-01 average_loss: 4.7893e-01 loss: 1.2439e+04 
21-09-02 04:43:40.809 - INFO: [epoch:  0, iter:  10,800, lr:(1.998e-04,)] l_pix: 6.8432e+00 class_loss: 6.7804e-01 average_loss: 4.8497e-01 loss: 1.3690e+04 
21-09-02 04:45:16.581 - INFO: [epoch:  0, iter:  10,900, lr:(1.998e-04,)] l_pix: 5.1206e+00 class_loss: 4.4958e-01 average_loss: 6.3388e-01 loss: 1.0245e+04 
21-09-02 04:47:05.391 - INFO: [epoch:  0, iter:  11,000, lr:(1.998e-04,)] l_pix: 5.9036e+00 class_loss: 6.2624e-01 average_loss: 4.7451e-01 loss: 1.1811e+04 
21-09-02 04:48:47.954 - INFO: [epoch:  0, iter:  11,100, lr:(1.998e-04,)] l_pix: 5.3708e+00 class_loss: 6.6820e-01 average_loss: 4.5918e-01 loss: 1.0745e+04 
21-09-02 04:50:26.749 - INFO: [epoch:  0, iter:  11,200, lr:(1.998e-04,)] l_pix: 5.1752e+00 class_loss: 6.4006e-01 average_loss: 4.9545e-01 loss: 1.0354e+04 
21-09-02 04:52:07.429 - INFO: [epoch:  0, iter:  11,300, lr:(1.998e-04,)] l_pix: 6.5387e+00 class_loss: 5.2000e-01 average_loss: 5.9349e-01 loss: 1.3081e+04 
21-09-02 04:53:45.658 - INFO: [epoch:  0, iter:  11,400, lr:(1.997e-04,)] l_pix: 5.8587e+00 class_loss: 6.9096e-01 average_loss: 4.7408e-01 loss: 1.1721e+04 
21-09-02 04:55:18.495 - INFO: [epoch:  0, iter:  11,500, lr:(1.997e-04,)] l_pix: 5.7032e+00 class_loss: 6.7744e-01 average_loss: 4.7002e-01 loss: 1.1410e+04 
21-09-02 04:56:49.611 - INFO: [epoch:  0, iter:  11,600, lr:(1.997e-04,)] l_pix: 5.6995e+00 class_loss: 5.6148e-01 average_loss: 5.7536e-01 loss: 1.1403e+04 
21-09-02 04:58:21.516 - INFO: [epoch:  0, iter:  11,700, lr:(1.997e-04,)] l_pix: 6.0908e+00 class_loss: 7.2127e-01 average_loss: 4.6554e-01 loss: 1.2185e+04 
21-09-02 04:59:53.529 - INFO: [epoch:  0, iter:  11,800, lr:(1.997e-04,)] l_pix: 5.5472e+00 class_loss: 6.2708e-01 average_loss: 4.9632e-01 loss: 1.1098e+04 
21-09-02 05:01:24.969 - INFO: [epoch:  0, iter:  11,900, lr:(1.997e-04,)] l_pix: 6.5214e+00 class_loss: 6.6536e-01 average_loss: 4.7481e-01 loss: 1.3046e+04 
21-09-02 05:02:53.930 - INFO: [epoch:  0, iter:  12,000, lr:(1.997e-04,)] l_pix: 5.3094e+00 class_loss: 7.8776e-01 average_loss: 4.5782e-01 loss: 1.0622e+04 
21-09-02 05:04:22.628 - INFO: [epoch:  0, iter:  12,100, lr:(1.997e-04,)] l_pix: 6.8162e+00 class_loss: 6.6633e-01 average_loss: 4.9717e-01 loss: 1.3636e+04 
21-09-02 05:05:59.263 - INFO: [epoch:  0, iter:  12,200, lr:(1.997e-04,)] l_pix: 4.7716e+00 class_loss: 5.7511e-01 average_loss: 5.6129e-01 loss: 9.5471e+03 
21-09-02 05:07:30.192 - INFO: [epoch:  0, iter:  12,300, lr:(1.997e-04,)] l_pix: 6.5328e+00 class_loss: 6.2429e-01 average_loss: 5.3235e-01 loss: 1.3069e+04 
21-09-02 05:09:00.450 - INFO: [epoch:  0, iter:  12,400, lr:(1.997e-04,)] l_pix: 5.9056e+00 class_loss: 7.1481e-01 average_loss: 4.8705e-01 loss: 1.1815e+04 
21-09-02 05:10:29.895 - INFO: [epoch:  0, iter:  12,500, lr:(1.997e-04,)] l_pix: 5.0219e+00 class_loss: 6.3782e-01 average_loss: 4.8675e-01 loss: 1.0047e+04 
21-09-02 05:11:59.858 - INFO: [epoch:  0, iter:  12,600, lr:(1.997e-04,)] l_pix: 3.9056e+00 class_loss: 4.6553e-01 average_loss: 6.1166e-01 loss: 7.8152e+03 
21-09-02 05:13:30.685 - INFO: [epoch:  0, iter:  12,700, lr:(1.997e-04,)] l_pix: 4.8304e+00 class_loss: 7.1731e-01 average_loss: 4.5477e-01 loss: 9.6643e+03 
21-09-02 05:15:01.115 - INFO: [epoch:  0, iter:  12,800, lr:(1.997e-04,)] l_pix: 4.9631e+00 class_loss: 6.7447e-01 average_loss: 4.6355e-01 loss: 9.9297e+03 
21-09-02 05:16:31.804 - INFO: [epoch:  0, iter:  12,900, lr:(1.997e-04,)] l_pix: 5.2487e+00 class_loss: 7.2312e-01 average_loss: 4.5449e-01 loss: 1.0501e+04 
21-09-02 05:18:02.453 - INFO: [epoch:  0, iter:  13,000, lr:(1.997e-04,)] l_pix: 4.7918e+00 class_loss: 7.6846e-01 average_loss: 4.5887e-01 loss: 9.5870e+03 
21-09-02 05:19:32.874 - INFO: [epoch:  0, iter:  13,100, lr:(1.997e-04,)] l_pix: 4.3751e+00 class_loss: 7.4284e-01 average_loss: 4.7803e-01 loss: 8.7538e+03 
21-09-02 05:21:03.467 - INFO: [epoch:  0, iter:  13,200, lr:(1.997e-04,)] l_pix: 6.0586e+00 class_loss: 6.8619e-01 average_loss: 4.8438e-01 loss: 1.2121e+04 
21-09-02 05:22:33.895 - INFO: [epoch:  0, iter:  13,300, lr:(1.997e-04,)] l_pix: 5.4823e+00 class_loss: 6.5663e-01 average_loss: 4.8497e-01 loss: 1.0968e+04 
21-09-02 05:24:07.691 - INFO: [epoch:  0, iter:  13,400, lr:(1.996e-04,)] l_pix: 6.3371e+00 class_loss: 6.0231e-01 average_loss: 4.9142e-01 loss: 1.2678e+04 
21-09-02 05:25:49.479 - INFO: [epoch:  0, iter:  13,500, lr:(1.996e-04,)] l_pix: 4.2746e+00 class_loss: 8.0008e-01 average_loss: 4.5271e-01 loss: 8.5526e+03 
21-09-02 05:27:24.977 - INFO: [epoch:  0, iter:  13,600, lr:(1.996e-04,)] l_pix: 4.4150e+00 class_loss: 7.9427e-01 average_loss: 4.9352e-01 loss: 8.8338e+03 
21-09-02 05:29:08.145 - INFO: [epoch:  0, iter:  13,700, lr:(1.996e-04,)] l_pix: 5.7984e+00 class_loss: 6.9277e-01 average_loss: 4.5782e-01 loss: 1.1600e+04 
21-09-02 05:30:56.482 - INFO: [epoch:  0, iter:  13,800, lr:(1.996e-04,)] l_pix: 4.2753e+00 class_loss: 7.4132e-01 average_loss: 4.4551e-01 loss: 8.5540e+03 
21-09-02 05:32:35.407 - INFO: [epoch:  0, iter:  13,900, lr:(1.996e-04,)] l_pix: 4.7500e+00 class_loss: 6.5940e-01 average_loss: 3.8553e-01 loss: 9.5030e+03 
21-09-02 05:34:11.696 - INFO: [epoch:  0, iter:  14,000, lr:(1.996e-04,)] l_pix: 4.5083e+00 class_loss: 7.6845e-01 average_loss: 4.5138e-01 loss: 9.0201e+03 
21-09-02 05:35:55.469 - INFO: [epoch:  0, iter:  14,100, lr:(1.996e-04,)] l_pix: 4.9081e+00 class_loss: 7.2564e-01 average_loss: 4.5456e-01 loss: 9.8197e+03 
21-09-02 05:37:52.452 - INFO: [epoch:  0, iter:  14,200, lr:(1.996e-04,)] l_pix: 7.1110e+00 class_loss: 6.7347e-01 average_loss: 4.6374e-01 loss: 1.4225e+04 
21-09-02 05:39:30.272 - INFO: [epoch:  0, iter:  14,300, lr:(1.996e-04,)] l_pix: 3.9578e+00 class_loss: 8.5457e-01 average_loss: 4.6896e-01 loss: 7.9193e+03 
21-09-02 05:41:15.549 - INFO: [epoch:  0, iter:  14,400, lr:(1.996e-04,)] l_pix: 4.9557e+00 class_loss: 7.5770e-01 average_loss: 4.3292e-01 loss: 9.9147e+03 
21-09-02 05:42:51.050 - INFO: [epoch:  0, iter:  14,500, lr:(1.996e-04,)] l_pix: 5.1311e+00 class_loss: 7.8475e-01 average_loss: 3.9378e-01 loss: 1.0265e+04 
21-09-02 05:44:31.061 - INFO: [epoch:  0, iter:  14,600, lr:(1.996e-04,)] l_pix: 6.4995e+00 class_loss: 5.0856e-01 average_loss: 5.5028e-01 loss: 1.3003e+04 
21-09-02 05:46:08.856 - INFO: [epoch:  0, iter:  14,700, lr:(1.996e-04,)] l_pix: 7.6478e+00 class_loss: 4.9296e-01 average_loss: 6.0969e-01 loss: 1.5300e+04 
21-09-02 05:47:49.438 - INFO: [epoch:  0, iter:  14,800, lr:(1.996e-04,)] l_pix: 5.7974e+00 class_loss: 6.8956e-01 average_loss: 4.5813e-01 loss: 1.1598e+04 
21-09-02 05:49:28.998 - INFO: [epoch:  0, iter:  14,900, lr:(1.996e-04,)] l_pix: 5.8001e+00 class_loss: 5.4815e-01 average_loss: 4.9199e-01 loss: 1.1604e+04 
21-09-02 05:51:15.521 - INFO: [epoch:  0, iter:  15,000, lr:(1.996e-04,)] l_pix: 5.4021e+00 class_loss: 7.4254e-01 average_loss: 3.7030e-01 loss: 1.0807e+04 
21-09-02 05:53:04.786 - INFO: [epoch:  0, iter:  15,100, lr:(1.996e-04,)] l_pix: 5.7809e+00 class_loss: 4.8177e-01 average_loss: 5.5577e-01 loss: 1.1566e+04 
21-09-02 05:54:52.554 - INFO: [epoch:  0, iter:  15,200, lr:(1.995e-04,)] l_pix: 6.1508e+00 class_loss: 5.4916e-01 average_loss: 5.4402e-01 loss: 1.2305e+04 
21-09-02 05:56:51.768 - INFO: [epoch:  0, iter:  15,300, lr:(1.995e-04,)] l_pix: 6.1466e+00 class_loss: 6.0939e-01 average_loss: 4.9273e-01 loss: 1.2297e+04 
21-09-02 05:58:32.441 - INFO: [epoch:  0, iter:  15,400, lr:(1.995e-04,)] l_pix: 6.4379e+00 class_loss: 8.8749e-01 average_loss: 3.8422e-01 loss: 1.2879e+04 
21-09-02 06:00:12.824 - INFO: [epoch:  0, iter:  15,500, lr:(1.995e-04,)] l_pix: 5.3754e+00 class_loss: 4.6598e-01 average_loss: 6.1511e-01 loss: 1.0755e+04 
21-09-02 06:01:44.947 - INFO: [epoch:  0, iter:  15,600, lr:(1.995e-04,)] l_pix: 4.2325e+00 class_loss: 9.3648e-01 average_loss: 3.8326e-01 loss: 8.4683e+03 
21-09-02 06:03:17.120 - INFO: [epoch:  0, iter:  15,700, lr:(1.995e-04,)] l_pix: 7.0624e+00 class_loss: 8.5170e-01 average_loss: 3.2627e-01 loss: 1.4128e+04 
21-09-02 06:04:54.258 - INFO: [epoch:  0, iter:  15,800, lr:(1.995e-04,)] l_pix: 4.6917e+00 class_loss: 4.7094e-01 average_loss: 5.7885e-01 loss: 9.3874e+03 
[                                                  ] 0/10, elapsed: 0s, ETA:
Start...
[>>>>>---------------------------------------------] 1/10, 0.0 task/s, elapsed: 54s, ETA:   485s
Test 0801x4
[>>>>>>>>>>----------------------------------------] 2/10, 0.0 task/s, elapsed: 107s, ETA:   429s
Test 0802x4
[>>>>>>>>>>>>>>>-----------------------------------] 3/10, 0.0 task/s, elapsed: 171s, ETA:   398s
Test 0803x4
[>>>>>>>>>>>>>>>>>>>>------------------------------] 4/10, 0.0 task/s, elapsed: 219s, ETA:   329s
Test 0804x4
[>>>>>>>>>>>>>>>>>>>>>>>>>-------------------------] 5/10, 0.0 task/s, elapsed: 283s, ETA:   283s
Test 0805x4
[>>>>>>>>>>>>>>>>>>>>>>>>>>>>>>--------------------] 6/10, 0.0 task/s, elapsed: 336s, ETA:   224s
Test 0806x4
[>>>>>>>>>>>>>>>>>>>>>>>>>>>>>>>>>>>---------------] 7/10, 0.0 task/s, elapsed: 380s, ETA:   163s
Test 0807x4
[>>>>>>>>>>>>>>>>>>>>>>>>>>>>>>>>>>>>>>>>----------] 8/10, 0.0 task/s, elapsed: 434s, ETA:   108s
Test 0808x4
[>>>>>>>>>>>>>>>>>>>>>>>>>>>>>>>>>>>>>>>>>>>>>-----] 9/10, 0.0 task/s, elapsed: 487s, ETA:    54s
Test 0809x4
[>>>>>>>>>>>>>>>>>>>>>>>>>>>>>>>>>>>>>>>>>>>>>>>>>>] 10/10, 0.0 task/s, elapsed: 551s, ETA:     0s
Test 0810x4
21-09-02 06:06:23.202 - INFO: # Validation # PSNR: 2.9834e+02
21-09-02 06:07:59.141 - INFO: # Validation # FLOPs: 2.1777e+01
21-09-02 06:11:24.529 - INFO: # Validation # Percent: 6.6800e-01
21-09-02 06:13:09.324 - INFO: # Validation # TYPE num: 124 1516 394 
21-09-02 06:14:46.031 - INFO: # Validation # PSNR Class: 44.461379240812704 34.614152602876956 25.222123315717198
21-09-02 06:16:15.929 - INFO: Saving models and training states.
