21-09-28 14:33:31.854 - INFO:   name: RCAN_branch1
  use_tb_logger: True
  model: sr
  distortion: sr
  scale: 4
  gpu_ids: [2]
  network_G:[
    which_model_G: RCAN
    n_resblocks: 20
    n_feats: 36
    n_resgroups: 10
    res_scale: 1
    n_colors: 3
    rgb_range: 255
    scale: 4
    reduction: 16
  ]
  datasets:[
    train:[
      name: DIV2K
      mode: LQGT_rcan
      dataroot_GT: /home/data2/zhangjiaqing/DIV2K/DIV2K_scale_sub_psnr_GT_class1
      dataroot_LQ: /home/data2/zhangjiaqing/DIV2K/DIV2K_scale_sub_psnr_LR_class1
      use_shuffle: True
      n_workers: 4
      batch_size: 16
      GT_size: 128
      use_flip: True
      use_rot: True
      color: RGB
      phase: train
      scale: 4
      data_type: img
    ]
    val:[
      name: Set5
      mode: LQGT_rcan
      dataroot_GT: /home/data2/zhangjiaqing/DIV2K/Set5/HR
      dataroot_LQ: /home/data2/zhangjiaqing/DIV2K/Set5/LR
      phase: val
      scale: 4
      data_type: img
    ]
  ]
  path:[
    pretrain_model_G: ./experiments/pre_trained_models/500000_G.pdparams
    strict_load: True
    resume_state: ./experiments/pre_trained_models/500000.state
    root: /home/zhangjiaqing/zjq/ClassSR-main_paddle
    experiments_root: ./experiments_log/RCAN_branch1
    models: ./experiments_log/RCAN_branch1/models
    training_state: ./experiments_log/RCAN_branch1/training_state
    log: ./experiments_log/RCAN_branch1
    val_images: ./experiments_log/RCAN_branch1/val_images
  ]
  train:[
    lr_G: 0.0002
    lr_scheme: CosineAnnealingLR_Restart
    beta1: 0.9
    beta2: 0.99
    niter: 1000000
    warmup_iter: -1
    T_period: 500000
    restarts: [500000]
    restart_weights: [1]
    eta_min: 1e-07
    lr_gamma: 0.5
    clear_state: 1000000
    pixel_criterion: l1
    pixel_weight: 1.0
    manual_seed: 10
    val_freq: 5000
  ]
  logger:[
    print_freq: 100
    save_checkpoint_freq: 5000
  ]
  is_train: True

21-09-28 14:33:31.855 - INFO: Random seed: 10
21-09-28 14:33:36.341 - INFO: Number of train images: 531,406, iters: 33,213
21-09-28 14:33:36.341 - INFO: Total epochs needed: 31 for iters 1,000,000
21-09-28 14:33:36.341 - INFO: Number of val images in [Set5]: 5
21-09-28 14:33:38.082 - INFO: Loading model for G [./experiments/pre_trained_models/500000_G.pdparams] ...
21-09-28 14:33:38.620 - INFO: Model [SRModel] is created.
21-09-28 14:33:38.620 - INFO: Resuming training from epoch: 15, iter: 500000.
21-09-28 14:33:38.620 - INFO: Start training from epoch: 15, iter: 500000
21-09-28 14:34:33.367 - INFO: [epoch: 15, iter: 500,100, lr:(1.000e-07,)] l_pix: 1.2963e+00 
21-09-28 14:35:26.666 - INFO: [epoch: 15, iter: 500,200, lr:(1.001e-07,)] l_pix: 1.6660e+00 
21-09-28 14:36:20.276 - INFO: [epoch: 15, iter: 500,300, lr:(1.002e-07,)] l_pix: 1.1476e+00 
21-09-28 14:37:13.894 - INFO: [epoch: 15, iter: 500,400, lr:(1.003e-07,)] l_pix: 1.4726e+00 
21-09-28 14:38:07.134 - INFO: [epoch: 15, iter: 500,500, lr:(1.005e-07,)] l_pix: 1.7872e+00 
21-09-28 14:39:00.701 - INFO: [epoch: 15, iter: 500,600, lr:(1.007e-07,)] l_pix: 1.3522e+00 
21-09-28 14:39:54.330 - INFO: [epoch: 15, iter: 500,700, lr:(1.010e-07,)] l_pix: 1.6667e+00 
21-09-28 14:40:48.271 - INFO: [epoch: 15, iter: 500,800, lr:(1.013e-07,)] l_pix: 1.3850e+00 
21-09-28 14:41:42.466 - INFO: [epoch: 15, iter: 500,900, lr:(1.016e-07,)] l_pix: 1.0474e+00 
21-09-28 14:42:36.951 - INFO: [epoch: 15, iter: 501,000, lr:(1.020e-07,)] l_pix: 1.4821e+00 
21-09-28 14:43:31.106 - INFO: [epoch: 15, iter: 501,100, lr:(1.024e-07,)] l_pix: 1.6178e+00 
21-09-28 14:44:24.868 - INFO: [epoch: 15, iter: 501,200, lr:(1.028e-07,)] l_pix: 1.7492e+00 
21-09-28 14:45:18.571 - INFO: [epoch: 15, iter: 501,300, lr:(1.033e-07,)] l_pix: 1.4113e+00 
21-09-28 14:46:12.447 - INFO: [epoch: 15, iter: 501,400, lr:(1.039e-07,)] l_pix: 1.1116e+00 
21-09-28 14:47:06.233 - INFO: [epoch: 15, iter: 501,500, lr:(1.044e-07,)] l_pix: 1.5089e+00 
21-09-28 14:48:03.903 - INFO: [epoch: 15, iter: 501,600, lr:(1.051e-07,)] l_pix: 1.1975e+00 
21-09-28 14:48:57.686 - INFO: [epoch: 15, iter: 501,700, lr:(1.057e-07,)] l_pix: 1.7207e+00 
21-09-28 14:49:51.442 - INFO: [epoch: 15, iter: 501,800, lr:(1.064e-07,)] l_pix: 1.2483e+00 
21-09-28 14:50:45.274 - INFO: [epoch: 15, iter: 501,900, lr:(1.071e-07,)] l_pix: 1.4560e+00 
21-09-28 14:51:40.354 - INFO: [epoch: 15, iter: 502,000, lr:(1.079e-07,)] l_pix: 1.1082e+00 
21-09-28 14:52:37.459 - INFO: [epoch: 15, iter: 502,100, lr:(1.087e-07,)] l_pix: 1.2280e+00 
21-09-28 14:53:38.680 - INFO: [epoch: 15, iter: 502,200, lr:(1.095e-07,)] l_pix: 1.1917e+00 
21-09-28 14:54:45.251 - INFO: [epoch: 15, iter: 502,300, lr:(1.104e-07,)] l_pix: 1.1271e+00 
21-09-28 14:55:45.026 - INFO: [epoch: 15, iter: 502,400, lr:(1.114e-07,)] l_pix: 1.2905e+00 
21-09-28 14:56:44.514 - INFO: [epoch: 15, iter: 502,500, lr:(1.123e-07,)] l_pix: 1.4169e+00 
21-09-28 14:57:46.376 - INFO: [epoch: 15, iter: 502,600, lr:(1.133e-07,)] l_pix: 1.5766e+00 
21-09-28 14:58:56.342 - INFO: [epoch: 15, iter: 502,700, lr:(1.144e-07,)] l_pix: 1.3581e+00 
21-09-28 14:59:51.475 - INFO: [epoch: 15, iter: 502,800, lr:(1.155e-07,)] l_pix: 1.1740e+00 
21-09-28 15:00:53.649 - INFO: [epoch: 15, iter: 502,900, lr:(1.166e-07,)] l_pix: 1.1515e+00 
21-09-28 15:02:01.255 - INFO: [epoch: 15, iter: 503,000, lr:(1.178e-07,)] l_pix: 1.4357e+00 
21-09-28 15:03:04.394 - INFO: [epoch: 15, iter: 503,100, lr:(1.190e-07,)] l_pix: 9.9940e-01 
21-09-28 15:04:02.926 - INFO: [epoch: 15, iter: 503,200, lr:(1.202e-07,)] l_pix: 1.5566e+00 
21-09-28 15:05:08.827 - INFO: [epoch: 15, iter: 503,300, lr:(1.215e-07,)] l_pix: 1.1275e+00 
21-09-28 15:06:13.149 - INFO: [epoch: 15, iter: 503,400, lr:(1.228e-07,)] l_pix: 1.5687e+00 
21-09-28 15:07:23.065 - INFO: [epoch: 15, iter: 503,500, lr:(1.242e-07,)] l_pix: 1.1956e+00 
21-09-28 15:08:32.263 - INFO: [epoch: 15, iter: 503,600, lr:(1.256e-07,)] l_pix: 1.7150e+00 
21-09-28 15:09:37.517 - INFO: [epoch: 15, iter: 503,700, lr:(1.270e-07,)] l_pix: 1.2688e+00 
21-09-28 15:10:51.435 - INFO: [epoch: 15, iter: 503,800, lr:(1.285e-07,)] l_pix: 1.0281e+00 
21-09-28 15:11:53.284 - INFO: [epoch: 15, iter: 503,900, lr:(1.300e-07,)] l_pix: 1.7415e+00 
21-09-28 15:13:02.691 - INFO: [epoch: 15, iter: 504,000, lr:(1.316e-07,)] l_pix: 1.3729e+00 
21-09-28 15:14:00.873 - INFO: [epoch: 15, iter: 504,100, lr:(1.332e-07,)] l_pix: 1.3108e+00 
21-09-28 15:15:10.795 - INFO: [epoch: 15, iter: 504,200, lr:(1.348e-07,)] l_pix: 1.4852e+00 
21-09-28 15:16:14.606 - INFO: [epoch: 15, iter: 504,300, lr:(1.365e-07,)] l_pix: 1.2691e+00 
21-09-28 15:17:23.452 - INFO: [epoch: 15, iter: 504,400, lr:(1.382e-07,)] l_pix: 1.0799e+00 
21-09-28 15:18:24.056 - INFO: [epoch: 15, iter: 504,500, lr:(1.399e-07,)] l_pix: 1.4194e+00 
21-09-28 15:19:23.825 - INFO: [epoch: 15, iter: 504,600, lr:(1.417e-07,)] l_pix: 1.2146e+00 
21-09-28 15:20:27.436 - INFO: [epoch: 15, iter: 504,700, lr:(1.436e-07,)] l_pix: 1.3150e+00 
21-09-28 15:21:32.329 - INFO: [epoch: 15, iter: 504,800, lr:(1.455e-07,)] l_pix: 1.3475e+00 
21-09-28 15:22:34.502 - INFO: [epoch: 15, iter: 504,900, lr:(1.474e-07,)] l_pix: 1.0366e+00 
21-09-28 15:23:39.326 - INFO: [epoch: 15, iter: 505,000, lr:(1.493e-07,)] l_pix: 1.4700e+00 
21-09-28 15:23:40.849 - INFO: # Validation # PSNR: 3.0277e+01
21-09-28 15:23:40.850 - INFO: Saving models and training states.
21-09-28 15:24:46.877 - INFO: [epoch: 15, iter: 505,100, lr:(1.513e-07,)] l_pix: 1.3876e+00 
21-09-28 15:25:52.504 - INFO: [epoch: 15, iter: 505,200, lr:(1.533e-07,)] l_pix: 1.1517e+00 
21-09-28 15:26:52.444 - INFO: [epoch: 15, iter: 505,300, lr:(1.554e-07,)] l_pix: 1.2355e+00 
21-09-28 15:27:59.992 - INFO: [epoch: 15, iter: 505,400, lr:(1.575e-07,)] l_pix: 1.2654e+00 
21-09-28 15:29:08.756 - INFO: [epoch: 15, iter: 505,500, lr:(1.597e-07,)] l_pix: 1.4369e+00 
21-09-28 15:30:13.215 - INFO: [epoch: 15, iter: 505,600, lr:(1.619e-07,)] l_pix: 1.1962e+00 
21-09-28 15:31:19.330 - INFO: [epoch: 15, iter: 505,700, lr:(1.641e-07,)] l_pix: 1.7048e+00 
21-09-28 15:32:22.319 - INFO: [epoch: 15, iter: 505,800, lr:(1.664e-07,)] l_pix: 1.5319e+00 
21-09-28 15:33:27.958 - INFO: [epoch: 15, iter: 505,900, lr:(1.687e-07,)] l_pix: 1.3575e+00 
21-09-28 15:34:27.088 - INFO: [epoch: 15, iter: 506,000, lr:(1.710e-07,)] l_pix: 1.1848e+00 
21-09-28 15:35:36.306 - INFO: [epoch: 15, iter: 506,100, lr:(1.734e-07,)] l_pix: 1.3301e+00 
21-09-28 15:36:47.190 - INFO: [epoch: 15, iter: 506,200, lr:(1.758e-07,)] l_pix: 1.2516e+00 
21-09-28 15:37:51.167 - INFO: [epoch: 15, iter: 506,300, lr:(1.783e-07,)] l_pix: 1.4328e+00 
21-09-28 15:39:01.821 - INFO: [epoch: 15, iter: 506,400, lr:(1.808e-07,)] l_pix: 1.3555e+00 
21-09-28 15:40:10.870 - INFO: [epoch: 15, iter: 506,500, lr:(1.833e-07,)] l_pix: 1.1750e+00 
21-09-28 15:41:17.985 - INFO: [epoch: 15, iter: 506,600, lr:(1.859e-07,)] l_pix: 1.3357e+00 
21-09-28 15:42:28.370 - INFO: [epoch: 15, iter: 506,700, lr:(1.886e-07,)] l_pix: 1.2694e+00 
21-09-28 15:43:35.062 - INFO: [epoch: 15, iter: 506,800, lr:(1.912e-07,)] l_pix: 1.6547e+00 
21-09-28 15:44:47.229 - INFO: [epoch: 15, iter: 506,900, lr:(1.939e-07,)] l_pix: 1.7309e+00 
21-09-28 15:45:52.082 - INFO: [epoch: 15, iter: 507,000, lr:(1.967e-07,)] l_pix: 1.4500e+00 
21-09-28 15:47:00.006 - INFO: [epoch: 15, iter: 507,100, lr:(1.994e-07,)] l_pix: 1.5076e+00 
21-09-28 15:48:08.861 - INFO: [epoch: 15, iter: 507,200, lr:(2.023e-07,)] l_pix: 1.2272e+00 
21-09-28 15:49:13.768 - INFO: [epoch: 15, iter: 507,300, lr:(2.051e-07,)] l_pix: 1.5817e+00 
21-09-28 15:50:23.722 - INFO: [epoch: 15, iter: 507,400, lr:(2.080e-07,)] l_pix: 1.4265e+00 
21-09-28 15:51:39.948 - INFO: [epoch: 15, iter: 507,500, lr:(2.110e-07,)] l_pix: 1.4383e+00 
21-09-28 15:53:02.745 - INFO: [epoch: 15, iter: 507,600, lr:(2.139e-07,)] l_pix: 1.2300e+00 
21-09-28 15:54:00.726 - INFO: [epoch: 15, iter: 507,700, lr:(2.170e-07,)] l_pix: 1.2612e+00 
21-09-28 15:55:09.085 - INFO: [epoch: 15, iter: 507,800, lr:(2.200e-07,)] l_pix: 1.5774e+00 
21-09-28 15:56:13.647 - INFO: [epoch: 15, iter: 507,900, lr:(2.231e-07,)] l_pix: 1.2673e+00 
21-09-28 15:57:16.305 - INFO: [epoch: 15, iter: 508,000, lr:(2.262e-07,)] l_pix: 1.4637e+00 
21-09-28 15:58:29.991 - INFO: [epoch: 15, iter: 508,100, lr:(2.294e-07,)] l_pix: 1.4443e+00 
21-09-28 15:59:39.766 - INFO: [epoch: 15, iter: 508,200, lr:(2.326e-07,)] l_pix: 1.3437e+00 
21-09-28 16:00:53.024 - INFO: [epoch: 15, iter: 508,300, lr:(2.359e-07,)] l_pix: 1.1898e+00 
21-09-28 16:02:10.788 - INFO: [epoch: 15, iter: 508,400, lr:(2.392e-07,)] l_pix: 1.4694e+00 
21-09-28 16:03:15.498 - INFO: [epoch: 15, iter: 508,500, lr:(2.425e-07,)] l_pix: 1.2315e+00 
21-09-28 16:04:26.608 - INFO: [epoch: 15, iter: 508,600, lr:(2.459e-07,)] l_pix: 1.1137e+00 
21-09-28 16:05:39.910 - INFO: [epoch: 15, iter: 508,700, lr:(2.493e-07,)] l_pix: 1.2420e+00 
21-09-28 16:06:59.040 - INFO: [epoch: 15, iter: 508,800, lr:(2.527e-07,)] l_pix: 9.2701e-01 
21-09-28 16:08:12.306 - INFO: [epoch: 15, iter: 508,900, lr:(2.562e-07,)] l_pix: 1.4390e+00 
21-09-28 16:09:22.139 - INFO: [epoch: 15, iter: 509,000, lr:(2.598e-07,)] l_pix: 1.4789e+00 
21-09-28 16:10:32.831 - INFO: [epoch: 15, iter: 509,100, lr:(2.633e-07,)] l_pix: 1.0733e+00 
21-09-28 16:11:35.134 - INFO: [epoch: 15, iter: 509,200, lr:(2.669e-07,)] l_pix: 1.3128e+00 
21-09-28 16:12:51.105 - INFO: [epoch: 15, iter: 509,300, lr:(2.706e-07,)] l_pix: 1.5952e+00 
21-09-28 16:13:53.236 - INFO: [epoch: 15, iter: 509,400, lr:(2.743e-07,)] l_pix: 1.5219e+00 
21-09-28 16:15:03.119 - INFO: [epoch: 15, iter: 509,500, lr:(2.780e-07,)] l_pix: 1.4698e+00 
21-09-28 16:16:08.732 - INFO: [epoch: 15, iter: 509,600, lr:(2.818e-07,)] l_pix: 1.1354e+00 
21-09-28 16:17:11.454 - INFO: [epoch: 15, iter: 509,700, lr:(2.856e-07,)] l_pix: 1.6347e+00 
21-09-28 16:18:16.875 - INFO: [epoch: 15, iter: 509,800, lr:(2.894e-07,)] l_pix: 1.4250e+00 
21-09-28 16:19:30.991 - INFO: [epoch: 15, iter: 509,900, lr:(2.933e-07,)] l_pix: 1.3832e+00 
21-09-28 16:20:44.774 - INFO: [epoch: 15, iter: 510,000, lr:(2.972e-07,)] l_pix: 1.4437e+00 
21-09-28 16:20:46.308 - INFO: # Validation # PSNR: 3.0277e+01
21-09-28 16:20:46.308 - INFO: Saving models and training states.
21-09-28 16:21:47.121 - INFO: [epoch: 15, iter: 510,100, lr:(3.012e-07,)] l_pix: 1.6970e+00 
21-09-28 16:23:01.484 - INFO: [epoch: 15, iter: 510,200, lr:(3.052e-07,)] l_pix: 1.4336e+00 
21-09-28 16:24:06.152 - INFO: [epoch: 15, iter: 510,300, lr:(3.092e-07,)] l_pix: 1.3026e+00 
21-09-28 16:25:15.114 - INFO: [epoch: 15, iter: 510,400, lr:(3.133e-07,)] l_pix: 1.3495e+00 
21-09-28 16:26:23.411 - INFO: [epoch: 15, iter: 510,500, lr:(3.174e-07,)] l_pix: 1.3139e+00 
21-09-28 16:27:23.319 - INFO: [epoch: 15, iter: 510,600, lr:(3.216e-07,)] l_pix: 1.5638e+00 
21-09-28 16:28:45.119 - INFO: [epoch: 15, iter: 510,700, lr:(3.258e-07,)] l_pix: 1.4617e+00 
21-09-28 16:29:50.466 - INFO: [epoch: 15, iter: 510,800, lr:(3.300e-07,)] l_pix: 1.3862e+00 
21-09-28 16:31:02.481 - INFO: [epoch: 15, iter: 510,900, lr:(3.343e-07,)] l_pix: 1.3259e+00 
21-09-28 16:32:05.427 - INFO: [epoch: 15, iter: 511,000, lr:(3.386e-07,)] l_pix: 1.2313e+00 
21-09-28 16:33:14.800 - INFO: [epoch: 15, iter: 511,100, lr:(3.430e-07,)] l_pix: 1.1125e+00 
21-09-28 16:34:41.937 - INFO: [epoch: 15, iter: 511,200, lr:(3.474e-07,)] l_pix: 1.3825e+00 
21-09-28 16:36:07.131 - INFO: [epoch: 15, iter: 511,300, lr:(3.518e-07,)] l_pix: 1.3268e+00 
21-09-28 16:37:31.701 - INFO: [epoch: 15, iter: 511,400, lr:(3.563e-07,)] l_pix: 1.2502e+00 
21-09-28 16:38:55.054 - INFO: [epoch: 15, iter: 511,500, lr:(3.608e-07,)] l_pix: 1.3942e+00 
21-09-28 16:40:21.509 - INFO: [epoch: 15, iter: 511,600, lr:(3.654e-07,)] l_pix: 1.1439e+00 
21-09-28 16:41:53.451 - INFO: [epoch: 15, iter: 511,700, lr:(3.700e-07,)] l_pix: 1.2898e+00 
21-09-28 16:43:15.900 - INFO: [epoch: 15, iter: 511,800, lr:(3.746e-07,)] l_pix: 1.3703e+00 
21-09-28 16:44:46.750 - INFO: [epoch: 15, iter: 511,900, lr:(3.793e-07,)] l_pix: 1.3320e+00 
21-09-28 16:46:14.906 - INFO: [epoch: 15, iter: 512,000, lr:(3.840e-07,)] l_pix: 1.7244e+00 
21-09-28 16:47:46.268 - INFO: [epoch: 15, iter: 512,100, lr:(3.887e-07,)] l_pix: 1.3640e+00 
21-09-28 16:49:15.386 - INFO: [epoch: 15, iter: 512,200, lr:(3.935e-07,)] l_pix: 1.4105e+00 
21-09-28 16:50:47.010 - INFO: [epoch: 15, iter: 512,300, lr:(3.983e-07,)] l_pix: 1.5640e+00 
21-09-28 16:52:17.485 - INFO: [epoch: 15, iter: 512,400, lr:(4.032e-07,)] l_pix: 1.0009e+00 
21-09-28 16:53:36.868 - INFO: [epoch: 15, iter: 512,500, lr:(4.081e-07,)] l_pix: 1.1748e+00 
21-09-28 16:55:09.340 - INFO: [epoch: 15, iter: 512,600, lr:(4.131e-07,)] l_pix: 1.3474e+00 
21-09-28 16:56:27.837 - INFO: [epoch: 15, iter: 512,700, lr:(4.180e-07,)] l_pix: 1.5302e+00 
21-09-28 16:57:58.592 - INFO: [epoch: 15, iter: 512,800, lr:(4.231e-07,)] l_pix: 1.2510e+00 
21-09-28 16:59:24.467 - INFO: [epoch: 15, iter: 512,900, lr:(4.281e-07,)] l_pix: 1.2171e+00 
21-09-28 17:00:28.319 - INFO: [epoch: 15, iter: 513,000, lr:(4.332e-07,)] l_pix: 1.5596e+00 
21-09-28 17:01:49.248 - INFO: [epoch: 15, iter: 513,100, lr:(4.384e-07,)] l_pix: 1.5703e+00 
21-09-28 17:03:05.856 - INFO: [epoch: 15, iter: 513,200, lr:(4.436e-07,)] l_pix: 9.8623e-01 
21-09-28 17:04:12.713 - INFO: [epoch: 15, iter: 513,300, lr:(4.488e-07,)] l_pix: 1.0951e+00 
21-09-28 17:05:32.683 - INFO: [epoch: 15, iter: 513,400, lr:(4.541e-07,)] l_pix: 1.4175e+00 
21-09-28 17:06:52.407 - INFO: [epoch: 15, iter: 513,500, lr:(4.594e-07,)] l_pix: 1.5271e+00 
21-09-28 17:08:07.390 - INFO: [epoch: 15, iter: 513,600, lr:(4.647e-07,)] l_pix: 1.6743e+00 
21-09-28 17:09:17.350 - INFO: [epoch: 15, iter: 513,700, lr:(4.701e-07,)] l_pix: 1.4321e+00 
21-09-28 17:10:30.974 - INFO: [epoch: 15, iter: 513,800, lr:(4.755e-07,)] l_pix: 1.2814e+00 
21-09-28 17:12:40.374 - INFO: [epoch: 15, iter: 513,900, lr:(4.809e-07,)] l_pix: 1.1955e+00 
21-09-28 17:14:30.501 - INFO: [epoch: 15, iter: 514,000, lr:(4.864e-07,)] l_pix: 1.4231e+00 
21-09-28 17:16:02.213 - INFO: [epoch: 15, iter: 514,100, lr:(4.920e-07,)] l_pix: 1.3483e+00 
21-09-28 17:17:45.697 - INFO: [epoch: 15, iter: 514,200, lr:(4.976e-07,)] l_pix: 1.6934e+00 
21-09-28 17:19:26.178 - INFO: [epoch: 15, iter: 514,300, lr:(5.032e-07,)] l_pix: 1.2246e+00 
21-09-28 17:20:58.100 - INFO: [epoch: 15, iter: 514,400, lr:(5.088e-07,)] l_pix: 1.2639e+00 
21-09-28 17:22:16.800 - INFO: [epoch: 15, iter: 514,500, lr:(5.145e-07,)] l_pix: 1.0465e+00 
21-09-28 17:23:50.043 - INFO: [epoch: 15, iter: 514,600, lr:(5.203e-07,)] l_pix: 1.3180e+00 
21-09-28 17:25:06.816 - INFO: [epoch: 15, iter: 514,700, lr:(5.260e-07,)] l_pix: 1.6935e+00 
21-09-28 17:26:19.472 - INFO: [epoch: 15, iter: 514,800, lr:(5.318e-07,)] l_pix: 1.2486e+00 
21-09-28 17:27:28.252 - INFO: [epoch: 15, iter: 514,900, lr:(5.377e-07,)] l_pix: 1.1783e+00 
21-09-28 17:28:45.281 - INFO: [epoch: 15, iter: 515,000, lr:(5.436e-07,)] l_pix: 1.2334e+00 
21-09-28 17:28:47.914 - INFO: # Validation # PSNR: 3.0278e+01
21-09-28 17:28:47.914 - INFO: Saving models and training states.
21-09-28 17:30:51.836 - INFO: [epoch: 15, iter: 515,100, lr:(5.495e-07,)] l_pix: 8.7861e-01 
21-09-28 17:32:22.404 - INFO: [epoch: 15, iter: 515,200, lr:(5.555e-07,)] l_pix: 1.2338e+00 
21-09-28 17:33:48.871 - INFO: [epoch: 15, iter: 515,300, lr:(5.615e-07,)] l_pix: 1.5883e+00 
21-09-28 17:35:10.510 - INFO: [epoch: 15, iter: 515,400, lr:(5.675e-07,)] l_pix: 1.6195e+00 
21-09-28 17:36:32.836 - INFO: [epoch: 15, iter: 515,500, lr:(5.736e-07,)] l_pix: 1.3757e+00 
21-09-28 17:37:51.471 - INFO: [epoch: 15, iter: 515,600, lr:(5.797e-07,)] l_pix: 1.4903e+00 
21-09-28 17:38:55.299 - INFO: [epoch: 15, iter: 515,700, lr:(5.859e-07,)] l_pix: 1.4596e+00 
21-09-28 17:40:09.779 - INFO: [epoch: 15, iter: 515,800, lr:(5.921e-07,)] l_pix: 1.6185e+00 
21-09-28 17:41:22.125 - INFO: [epoch: 15, iter: 515,900, lr:(5.984e-07,)] l_pix: 1.6266e+00 
21-09-28 17:42:33.834 - INFO: [epoch: 15, iter: 516,000, lr:(6.046e-07,)] l_pix: 1.1472e+00 
21-09-28 17:43:57.839 - INFO: [epoch: 15, iter: 516,100, lr:(6.110e-07,)] l_pix: 1.3471e+00 
21-09-28 17:45:02.292 - INFO: [epoch: 15, iter: 516,200, lr:(6.173e-07,)] l_pix: 1.3200e+00 
21-09-28 17:46:23.002 - INFO: [epoch: 15, iter: 516,300, lr:(6.237e-07,)] l_pix: 1.1426e+00 
21-09-28 17:47:41.101 - INFO: [epoch: 15, iter: 516,400, lr:(6.302e-07,)] l_pix: 1.2784e+00 
21-09-28 17:48:55.125 - INFO: [epoch: 15, iter: 516,500, lr:(6.367e-07,)] l_pix: 1.4967e+00 
21-09-28 17:50:06.007 - INFO: [epoch: 15, iter: 516,600, lr:(6.432e-07,)] l_pix: 1.5879e+00 
21-09-28 17:51:10.437 - INFO: [epoch: 15, iter: 516,700, lr:(6.497e-07,)] l_pix: 1.0435e+00 
21-09-28 17:52:15.188 - INFO: [epoch: 15, iter: 516,800, lr:(6.563e-07,)] l_pix: 1.3327e+00 
21-09-28 17:53:24.686 - INFO: [epoch: 15, iter: 516,900, lr:(6.630e-07,)] l_pix: 1.0304e+00 
21-09-28 17:54:34.746 - INFO: [epoch: 15, iter: 517,000, lr:(6.696e-07,)] l_pix: 1.3655e+00 
21-09-28 17:55:41.003 - INFO: [epoch: 15, iter: 517,100, lr:(6.764e-07,)] l_pix: 1.4510e+00 
21-09-28 17:56:46.717 - INFO: [epoch: 15, iter: 517,200, lr:(6.831e-07,)] l_pix: 1.2992e+00 
21-09-28 17:57:55.245 - INFO: [epoch: 15, iter: 517,300, lr:(6.899e-07,)] l_pix: 1.2961e+00 
21-09-28 17:59:09.676 - INFO: [epoch: 15, iter: 517,400, lr:(6.967e-07,)] l_pix: 1.3813e+00 
21-09-28 18:00:28.052 - INFO: [epoch: 15, iter: 517,500, lr:(7.036e-07,)] l_pix: 1.4173e+00 
21-09-28 18:01:44.416 - INFO: [epoch: 15, iter: 517,600, lr:(7.105e-07,)] l_pix: 1.0673e+00 
21-09-28 18:03:08.045 - INFO: [epoch: 15, iter: 517,700, lr:(7.175e-07,)] l_pix: 1.0582e+00 
21-09-28 18:04:39.300 - INFO: [epoch: 15, iter: 517,800, lr:(7.245e-07,)] l_pix: 1.2299e+00 
21-09-28 18:05:50.783 - INFO: [epoch: 15, iter: 517,900, lr:(7.315e-07,)] l_pix: 1.2486e+00 
21-09-28 18:07:08.301 - INFO: [epoch: 15, iter: 518,000, lr:(7.385e-07,)] l_pix: 1.4180e+00 
21-09-28 18:08:38.144 - INFO: [epoch: 15, iter: 518,100, lr:(7.457e-07,)] l_pix: 1.4584e+00 
21-09-28 18:09:56.782 - INFO: [epoch: 15, iter: 518,200, lr:(7.528e-07,)] l_pix: 1.1894e+00 
21-09-28 18:11:20.760 - INFO: [epoch: 15, iter: 518,300, lr:(7.600e-07,)] l_pix: 1.4767e+00 
21-09-28 18:12:45.867 - INFO: [epoch: 15, iter: 518,400, lr:(7.672e-07,)] l_pix: 1.2857e+00 
21-09-28 18:14:17.090 - INFO: [epoch: 15, iter: 518,500, lr:(7.745e-07,)] l_pix: 1.8622e+00 
21-09-28 18:15:42.129 - INFO: [epoch: 15, iter: 518,600, lr:(7.818e-07,)] l_pix: 1.3228e+00 
21-09-28 18:17:04.021 - INFO: [epoch: 15, iter: 518,700, lr:(7.891e-07,)] l_pix: 1.0353e+00 
21-09-28 18:18:28.217 - INFO: [epoch: 15, iter: 518,800, lr:(7.965e-07,)] l_pix: 1.3837e+00 
21-09-28 18:19:43.671 - INFO: [epoch: 15, iter: 518,900, lr:(8.039e-07,)] l_pix: 1.2000e+00 
21-09-28 18:21:05.778 - INFO: [epoch: 15, iter: 519,000, lr:(8.114e-07,)] l_pix: 1.6206e+00 
21-09-28 18:22:22.774 - INFO: [epoch: 15, iter: 519,100, lr:(8.189e-07,)] l_pix: 1.5260e+00 
21-09-28 18:23:43.560 - INFO: [epoch: 15, iter: 519,200, lr:(8.264e-07,)] l_pix: 1.0153e+00 
21-09-28 18:25:08.836 - INFO: [epoch: 15, iter: 519,300, lr:(8.340e-07,)] l_pix: 1.5862e+00 
21-09-28 18:26:40.035 - INFO: [epoch: 15, iter: 519,400, lr:(8.416e-07,)] l_pix: 1.6766e+00 
21-09-28 18:28:05.785 - INFO: [epoch: 15, iter: 519,500, lr:(8.493e-07,)] l_pix: 1.2766e+00 
21-09-28 18:29:33.031 - INFO: [epoch: 15, iter: 519,600, lr:(8.570e-07,)] l_pix: 1.1968e+00 
21-09-28 18:30:44.753 - INFO: [epoch: 15, iter: 519,700, lr:(8.647e-07,)] l_pix: 1.6189e+00 
21-09-28 18:32:10.034 - INFO: [epoch: 15, iter: 519,800, lr:(8.725e-07,)] l_pix: 1.1852e+00 
21-09-28 18:33:33.498 - INFO: [epoch: 15, iter: 519,900, lr:(8.803e-07,)] l_pix: 1.1090e+00 
21-09-28 18:35:05.334 - INFO: [epoch: 15, iter: 520,000, lr:(8.881e-07,)] l_pix: 1.2864e+00 
21-09-28 18:35:07.629 - INFO: # Validation # PSNR: 3.0274e+01
21-09-28 18:35:07.629 - INFO: Saving models and training states.
21-09-28 18:36:26.665 - INFO: [epoch: 15, iter: 520,100, lr:(8.960e-07,)] l_pix: 1.6892e+00 
21-09-28 18:37:53.596 - INFO: [epoch: 15, iter: 520,200, lr:(9.040e-07,)] l_pix: 1.3339e+00 
21-09-28 18:39:26.042 - INFO: [epoch: 15, iter: 520,300, lr:(9.119e-07,)] l_pix: 1.3373e+00 
21-09-28 18:40:50.117 - INFO: [epoch: 15, iter: 520,400, lr:(9.199e-07,)] l_pix: 1.3101e+00 
21-09-28 18:42:17.013 - INFO: [epoch: 15, iter: 520,500, lr:(9.280e-07,)] l_pix: 1.0825e+00 
21-09-28 18:43:40.842 - INFO: [epoch: 15, iter: 520,600, lr:(9.361e-07,)] l_pix: 1.5381e+00 
21-09-28 18:45:03.093 - INFO: [epoch: 15, iter: 520,700, lr:(9.442e-07,)] l_pix: 1.5130e+00 
21-09-28 18:46:50.222 - INFO: [epoch: 15, iter: 520,800, lr:(9.524e-07,)] l_pix: 1.2595e+00 
21-09-28 18:48:26.928 - INFO: [epoch: 15, iter: 520,900, lr:(9.606e-07,)] l_pix: 1.2157e+00 
21-09-28 18:50:02.878 - INFO: [epoch: 15, iter: 521,000, lr:(9.688e-07,)] l_pix: 1.1890e+00 
21-09-28 18:51:47.398 - INFO: [epoch: 15, iter: 521,100, lr:(9.771e-07,)] l_pix: 1.2591e+00 
21-09-28 18:53:41.559 - INFO: [epoch: 15, iter: 521,200, lr:(9.854e-07,)] l_pix: 1.3372e+00 
21-09-28 18:55:26.179 - INFO: [epoch: 15, iter: 521,300, lr:(9.938e-07,)] l_pix: 1.4260e+00 
21-09-28 18:56:59.640 - INFO: [epoch: 15, iter: 521,400, lr:(1.002e-06,)] l_pix: 1.4464e+00 
21-09-28 18:58:55.094 - INFO: [epoch: 15, iter: 521,500, lr:(1.011e-06,)] l_pix: 1.4612e+00 
21-09-28 19:00:44.136 - INFO: [epoch: 15, iter: 521,600, lr:(1.019e-06,)] l_pix: 1.6920e+00 
21-09-28 19:02:40.251 - INFO: [epoch: 15, iter: 521,700, lr:(1.028e-06,)] l_pix: 1.1850e+00 
21-09-28 19:04:24.277 - INFO: [epoch: 15, iter: 521,800, lr:(1.036e-06,)] l_pix: 1.2207e+00 
21-09-28 19:06:11.416 - INFO: [epoch: 15, iter: 521,900, lr:(1.045e-06,)] l_pix: 1.1951e+00 
21-09-28 19:08:02.624 - INFO: [epoch: 15, iter: 522,000, lr:(1.053e-06,)] l_pix: 1.3427e+00 
21-09-28 19:09:48.126 - INFO: [epoch: 15, iter: 522,100, lr:(1.062e-06,)] l_pix: 1.3436e+00 
21-09-28 19:11:28.583 - INFO: [epoch: 15, iter: 522,200, lr:(1.071e-06,)] l_pix: 1.3536e+00 
21-09-28 19:13:07.299 - INFO: [epoch: 15, iter: 522,300, lr:(1.080e-06,)] l_pix: 1.4348e+00 
21-09-28 19:15:04.558 - INFO: [epoch: 15, iter: 522,400, lr:(1.088e-06,)] l_pix: 1.0757e+00 
21-09-28 19:17:02.770 - INFO: [epoch: 15, iter: 522,500, lr:(1.097e-06,)] l_pix: 1.0900e+00 
21-09-28 19:19:02.239 - INFO: [epoch: 15, iter: 522,600, lr:(1.106e-06,)] l_pix: 1.4399e+00 
21-09-28 19:21:12.016 - INFO: [epoch: 15, iter: 522,700, lr:(1.115e-06,)] l_pix: 1.0051e+00 
21-09-28 19:22:57.305 - INFO: [epoch: 15, iter: 522,800, lr:(1.124e-06,)] l_pix: 1.1048e+00 
21-09-28 19:24:40.278 - INFO: [epoch: 15, iter: 522,900, lr:(1.133e-06,)] l_pix: 1.3391e+00 
21-09-28 19:26:27.934 - INFO: [epoch: 15, iter: 523,000, lr:(1.142e-06,)] l_pix: 1.3388e+00 
21-09-28 19:28:23.647 - INFO: [epoch: 15, iter: 523,100, lr:(1.151e-06,)] l_pix: 1.4595e+00 
21-09-28 19:29:45.863 - INFO: [epoch: 15, iter: 523,200, lr:(1.160e-06,)] l_pix: 1.3485e+00 
21-09-28 19:31:03.421 - INFO: [epoch: 15, iter: 523,300, lr:(1.169e-06,)] l_pix: 1.5907e+00 
21-09-28 19:32:20.186 - INFO: [epoch: 15, iter: 523,400, lr:(1.178e-06,)] l_pix: 1.2190e+00 
21-09-28 19:33:41.845 - INFO: [epoch: 15, iter: 523,500, lr:(1.188e-06,)] l_pix: 1.3605e+00 
21-09-28 19:34:55.518 - INFO: [epoch: 15, iter: 523,600, lr:(1.197e-06,)] l_pix: 1.1263e+00 
21-09-28 19:36:22.429 - INFO: [epoch: 15, iter: 523,700, lr:(1.206e-06,)] l_pix: 1.2303e+00 
21-09-28 19:37:40.973 - INFO: [epoch: 15, iter: 523,800, lr:(1.215e-06,)] l_pix: 1.2480e+00 
21-09-28 19:39:09.777 - INFO: [epoch: 15, iter: 523,900, lr:(1.225e-06,)] l_pix: 9.9776e-01 
21-09-28 19:40:33.734 - INFO: [epoch: 15, iter: 524,000, lr:(1.234e-06,)] l_pix: 1.6007e+00 
21-09-28 19:42:01.087 - INFO: [epoch: 15, iter: 524,100, lr:(1.244e-06,)] l_pix: 1.3562e+00 
21-09-28 19:43:31.362 - INFO: [epoch: 15, iter: 524,200, lr:(1.253e-06,)] l_pix: 1.2136e+00 
21-09-28 19:44:54.431 - INFO: [epoch: 15, iter: 524,300, lr:(1.263e-06,)] l_pix: 1.2708e+00 
21-09-28 19:46:19.982 - INFO: [epoch: 15, iter: 524,400, lr:(1.272e-06,)] l_pix: 1.4808e+00 
21-09-28 19:47:32.945 - INFO: [epoch: 15, iter: 524,500, lr:(1.282e-06,)] l_pix: 1.3182e+00 
21-09-28 19:48:58.209 - INFO: [epoch: 15, iter: 524,600, lr:(1.292e-06,)] l_pix: 1.4264e+00 
21-09-28 19:50:24.822 - INFO: [epoch: 15, iter: 524,700, lr:(1.301e-06,)] l_pix: 1.5642e+00 
21-09-28 19:51:51.468 - INFO: [epoch: 15, iter: 524,800, lr:(1.311e-06,)] l_pix: 1.1702e+00 
21-09-28 19:53:01.729 - INFO: [epoch: 15, iter: 524,900, lr:(1.321e-06,)] l_pix: 1.4047e+00 
21-09-28 19:54:29.689 - INFO: [epoch: 15, iter: 525,000, lr:(1.331e-06,)] l_pix: 1.4681e+00 
21-09-28 19:54:31.198 - INFO: # Validation # PSNR: 3.0281e+01
21-09-28 19:54:31.198 - INFO: Saving models and training states.
21-09-28 19:55:57.927 - INFO: [epoch: 15, iter: 525,100, lr:(1.340e-06,)] l_pix: 1.5254e+00 
21-09-28 19:57:32.126 - INFO: [epoch: 15, iter: 525,200, lr:(1.350e-06,)] l_pix: 1.6885e+00 
21-09-28 19:58:59.523 - INFO: [epoch: 15, iter: 525,300, lr:(1.360e-06,)] l_pix: 1.0487e+00 
21-09-28 20:00:21.949 - INFO: [epoch: 15, iter: 525,400, lr:(1.370e-06,)] l_pix: 1.4758e+00 
21-09-28 20:01:56.298 - INFO: [epoch: 15, iter: 525,500, lr:(1.380e-06,)] l_pix: 1.6831e+00 
21-09-28 20:03:15.600 - INFO: [epoch: 15, iter: 525,600, lr:(1.390e-06,)] l_pix: 1.5563e+00 
21-09-28 20:04:36.597 - INFO: [epoch: 15, iter: 525,700, lr:(1.400e-06,)] l_pix: 1.2269e+00 
21-09-28 20:05:49.545 - INFO: [epoch: 15, iter: 525,800, lr:(1.410e-06,)] l_pix: 1.1241e+00 
21-09-28 20:07:17.875 - INFO: [epoch: 15, iter: 525,900, lr:(1.421e-06,)] l_pix: 1.3308e+00 
21-09-28 20:08:30.678 - INFO: [epoch: 15, iter: 526,000, lr:(1.431e-06,)] l_pix: 1.3812e+00 
21-09-28 20:09:55.385 - INFO: [epoch: 15, iter: 526,100, lr:(1.441e-06,)] l_pix: 1.4530e+00 
21-09-28 20:11:31.619 - INFO: [epoch: 15, iter: 526,200, lr:(1.451e-06,)] l_pix: 1.6537e+00 
21-09-28 20:12:55.330 - INFO: [epoch: 15, iter: 526,300, lr:(1.462e-06,)] l_pix: 1.4825e+00 
21-09-28 20:14:22.076 - INFO: [epoch: 15, iter: 526,400, lr:(1.472e-06,)] l_pix: 1.3133e+00 
21-09-28 20:15:32.052 - INFO: [epoch: 15, iter: 526,500, lr:(1.482e-06,)] l_pix: 1.3869e+00 
21-09-28 20:17:00.283 - INFO: [epoch: 15, iter: 526,600, lr:(1.493e-06,)] l_pix: 1.2982e+00 
21-09-28 20:18:33.628 - INFO: [epoch: 15, iter: 526,700, lr:(1.503e-06,)] l_pix: 1.2895e+00 
21-09-28 20:20:05.256 - INFO: [epoch: 15, iter: 526,800, lr:(1.514e-06,)] l_pix: 1.3178e+00 
21-09-28 20:21:30.925 - INFO: [epoch: 15, iter: 526,900, lr:(1.524e-06,)] l_pix: 1.3304e+00 
21-09-28 20:22:47.709 - INFO: [epoch: 15, iter: 527,000, lr:(1.535e-06,)] l_pix: 1.1999e+00 
21-09-28 20:24:38.234 - INFO: [epoch: 15, iter: 527,100, lr:(1.545e-06,)] l_pix: 1.1411e+00 
21-09-28 20:26:08.725 - INFO: [epoch: 15, iter: 527,200, lr:(1.556e-06,)] l_pix: 1.5467e+00 
21-09-28 20:27:36.408 - INFO: [epoch: 15, iter: 527,300, lr:(1.567e-06,)] l_pix: 1.0237e+00 
21-09-28 20:28:58.035 - INFO: [epoch: 15, iter: 527,400, lr:(1.578e-06,)] l_pix: 1.1824e+00 
21-09-28 20:30:25.046 - INFO: [epoch: 15, iter: 527,500, lr:(1.588e-06,)] l_pix: 1.2227e+00 
21-09-28 20:31:44.971 - INFO: [epoch: 15, iter: 527,600, lr:(1.599e-06,)] l_pix: 1.2629e+00 
21-09-28 20:33:13.855 - INFO: [epoch: 15, iter: 527,700, lr:(1.610e-06,)] l_pix: 1.5839e+00 
21-09-28 20:34:38.021 - INFO: [epoch: 15, iter: 527,800, lr:(1.621e-06,)] l_pix: 1.1894e+00 
21-09-28 20:36:08.271 - INFO: [epoch: 15, iter: 527,900, lr:(1.632e-06,)] l_pix: 1.5890e+00 
21-09-28 20:37:36.235 - INFO: [epoch: 15, iter: 528,000, lr:(1.643e-06,)] l_pix: 1.3206e+00 
21-09-28 20:39:00.841 - INFO: [epoch: 15, iter: 528,100, lr:(1.654e-06,)] l_pix: 1.1616e+00 
21-09-28 20:40:31.635 - INFO: [epoch: 15, iter: 528,200, lr:(1.665e-06,)] l_pix: 1.5309e+00 
21-09-28 20:42:01.362 - INFO: [epoch: 15, iter: 528,300, lr:(1.676e-06,)] l_pix: 1.2404e+00 
21-09-28 20:43:23.042 - INFO: [epoch: 15, iter: 528,400, lr:(1.687e-06,)] l_pix: 1.3423e+00 
21-09-28 20:44:29.970 - INFO: [epoch: 15, iter: 528,500, lr:(1.698e-06,)] l_pix: 1.3268e+00 
21-09-28 20:45:55.587 - INFO: [epoch: 15, iter: 528,600, lr:(1.709e-06,)] l_pix: 1.2691e+00 
21-09-28 20:47:21.808 - INFO: [epoch: 15, iter: 528,700, lr:(1.721e-06,)] l_pix: 1.1806e+00 
21-09-28 20:48:34.991 - INFO: [epoch: 15, iter: 528,800, lr:(1.732e-06,)] l_pix: 1.2463e+00 
21-09-28 20:49:47.492 - INFO: [epoch: 15, iter: 528,900, lr:(1.743e-06,)] l_pix: 1.2603e+00 
21-09-28 20:51:10.036 - INFO: [epoch: 15, iter: 529,000, lr:(1.755e-06,)] l_pix: 1.3815e+00 
21-09-28 20:52:53.679 - INFO: [epoch: 15, iter: 529,100, lr:(1.766e-06,)] l_pix: 1.4487e+00 
21-09-28 20:54:52.974 - INFO: [epoch: 15, iter: 529,200, lr:(1.777e-06,)] l_pix: 1.3401e+00 
21-09-28 20:56:30.143 - INFO: [epoch: 15, iter: 529,300, lr:(1.789e-06,)] l_pix: 1.4518e+00 
21-09-28 20:58:19.985 - INFO: [epoch: 15, iter: 529,400, lr:(1.800e-06,)] l_pix: 1.5880e+00 
21-09-28 21:00:10.303 - INFO: [epoch: 15, iter: 529,500, lr:(1.812e-06,)] l_pix: 1.0435e+00 
21-09-28 21:02:04.232 - INFO: [epoch: 15, iter: 529,600, lr:(1.824e-06,)] l_pix: 1.2719e+00 
21-09-28 21:03:46.438 - INFO: [epoch: 15, iter: 529,700, lr:(1.835e-06,)] l_pix: 1.1910e+00 
21-09-28 21:05:27.377 - INFO: [epoch: 15, iter: 529,800, lr:(1.847e-06,)] l_pix: 1.1910e+00 
21-09-28 21:06:45.339 - INFO: [epoch: 15, iter: 529,900, lr:(1.859e-06,)] l_pix: 1.1620e+00 
21-09-28 21:08:22.306 - INFO: [epoch: 15, iter: 530,000, lr:(1.870e-06,)] l_pix: 1.3255e+00 
21-09-28 21:08:23.855 - INFO: # Validation # PSNR: 3.0266e+01
21-09-28 21:08:23.856 - INFO: Saving models and training states.
21-09-28 21:09:56.124 - INFO: [epoch: 15, iter: 530,100, lr:(1.882e-06,)] l_pix: 1.3297e+00 
21-09-28 21:11:14.489 - INFO: [epoch: 15, iter: 530,200, lr:(1.894e-06,)] l_pix: 1.4275e+00 
21-09-28 21:12:42.256 - INFO: [epoch: 15, iter: 530,300, lr:(1.906e-06,)] l_pix: 1.4625e+00 
21-09-28 21:14:18.044 - INFO: [epoch: 15, iter: 530,400, lr:(1.918e-06,)] l_pix: 1.2417e+00 
21-09-28 21:15:56.621 - INFO: [epoch: 15, iter: 530,500, lr:(1.930e-06,)] l_pix: 1.2932e+00 
21-09-28 21:17:24.113 - INFO: [epoch: 15, iter: 530,600, lr:(1.942e-06,)] l_pix: 1.4953e+00 
21-09-28 21:18:58.945 - INFO: [epoch: 15, iter: 530,700, lr:(1.954e-06,)] l_pix: 1.4090e+00 
21-09-28 21:20:43.130 - INFO: [epoch: 15, iter: 530,800, lr:(1.966e-06,)] l_pix: 1.2665e+00 
21-09-28 21:22:24.117 - INFO: [epoch: 15, iter: 530,900, lr:(1.978e-06,)] l_pix: 1.2533e+00 
21-09-28 21:24:13.942 - INFO: [epoch: 15, iter: 531,000, lr:(1.990e-06,)] l_pix: 1.6257e+00 
21-09-28 21:25:55.950 - INFO: [epoch: 15, iter: 531,100, lr:(2.002e-06,)] l_pix: 1.6743e+00 
21-09-28 21:27:46.620 - INFO: [epoch: 15, iter: 531,200, lr:(2.014e-06,)] l_pix: 1.5988e+00 
21-09-28 21:29:42.826 - INFO: [epoch: 15, iter: 531,300, lr:(2.027e-06,)] l_pix: 1.2941e+00 
21-09-28 21:31:26.591 - INFO: [epoch: 15, iter: 531,400, lr:(2.039e-06,)] l_pix: 1.4473e+00 
21-09-28 21:33:08.829 - INFO: [epoch: 15, iter: 531,500, lr:(2.051e-06,)] l_pix: 1.1797e+00 
21-09-28 21:34:55.279 - INFO: [epoch: 15, iter: 531,600, lr:(2.064e-06,)] l_pix: 1.3564e+00 
21-09-28 21:36:53.443 - INFO: [epoch: 15, iter: 531,700, lr:(2.076e-06,)] l_pix: 1.1935e+00 
21-09-28 21:38:44.652 - INFO: [epoch: 15, iter: 531,800, lr:(2.088e-06,)] l_pix: 1.2203e+00 
21-09-28 21:40:25.577 - INFO: [epoch: 15, iter: 531,900, lr:(2.101e-06,)] l_pix: 1.3372e+00 
21-09-28 21:42:12.372 - INFO: [epoch: 15, iter: 532,000, lr:(2.113e-06,)] l_pix: 1.4762e+00 
21-09-28 21:44:01.189 - INFO: [epoch: 15, iter: 532,100, lr:(2.126e-06,)] l_pix: 1.4586e+00 
21-09-28 21:45:49.312 - INFO: [epoch: 15, iter: 532,200, lr:(2.139e-06,)] l_pix: 1.3540e+00 
21-09-28 21:47:25.718 - INFO: [epoch: 15, iter: 532,300, lr:(2.151e-06,)] l_pix: 1.3152e+00 
21-09-28 21:49:14.421 - INFO: [epoch: 15, iter: 532,400, lr:(2.164e-06,)] l_pix: 1.7209e+00 
21-09-28 21:51:05.185 - INFO: [epoch: 15, iter: 532,500, lr:(2.177e-06,)] l_pix: 2.0669e+00 
21-09-28 21:52:52.250 - INFO: [epoch: 15, iter: 532,600, lr:(2.189e-06,)] l_pix: 1.2560e+00 
21-09-28 21:54:39.066 - INFO: [epoch: 15, iter: 532,700, lr:(2.202e-06,)] l_pix: 1.1964e+00 
21-09-28 21:56:13.957 - INFO: [epoch: 15, iter: 532,800, lr:(2.215e-06,)] l_pix: 9.9083e-01 
21-09-28 21:57:48.184 - INFO: [epoch: 15, iter: 532,900, lr:(2.228e-06,)] l_pix: 1.2179e+00 
21-09-28 21:59:41.751 - INFO: [epoch: 15, iter: 533,000, lr:(2.241e-06,)] l_pix: 1.0942e+00 
21-09-28 22:01:23.360 - INFO: [epoch: 15, iter: 533,100, lr:(2.254e-06,)] l_pix: 1.3894e+00 
21-09-28 22:03:24.711 - INFO: [epoch: 15, iter: 533,200, lr:(2.267e-06,)] l_pix: 1.3756e+00 
21-09-28 22:04:57.292 - INFO: [epoch: 16, iter: 533,300, lr:(2.280e-06,)] l_pix: 1.1138e+00 
21-09-28 22:06:21.296 - INFO: [epoch: 16, iter: 533,400, lr:(2.293e-06,)] l_pix: 1.3072e+00 
21-09-28 22:07:41.605 - INFO: [epoch: 16, iter: 533,500, lr:(2.306e-06,)] l_pix: 1.3556e+00 
21-09-28 22:09:20.800 - INFO: [epoch: 16, iter: 533,600, lr:(2.319e-06,)] l_pix: 9.7435e-01 
21-09-28 22:11:10.596 - INFO: [epoch: 16, iter: 533,700, lr:(2.332e-06,)] l_pix: 1.2575e+00 
21-09-28 22:12:47.223 - INFO: [epoch: 16, iter: 533,800, lr:(2.345e-06,)] l_pix: 1.2820e+00 
21-09-28 22:14:16.717 - INFO: [epoch: 16, iter: 533,900, lr:(2.359e-06,)] l_pix: 1.4955e+00 
21-09-28 22:15:55.079 - INFO: [epoch: 16, iter: 534,000, lr:(2.372e-06,)] l_pix: 1.4050e+00 
21-09-28 22:17:30.423 - INFO: [epoch: 16, iter: 534,100, lr:(2.385e-06,)] l_pix: 1.5792e+00 
21-09-28 22:19:15.100 - INFO: [epoch: 16, iter: 534,200, lr:(2.399e-06,)] l_pix: 1.1634e+00 
21-09-28 22:21:02.214 - INFO: [epoch: 16, iter: 534,300, lr:(2.412e-06,)] l_pix: 1.6303e+00 
21-09-28 22:22:39.291 - INFO: [epoch: 16, iter: 534,400, lr:(2.426e-06,)] l_pix: 1.4276e+00 
21-09-28 22:24:15.120 - INFO: [epoch: 16, iter: 534,500, lr:(2.439e-06,)] l_pix: 1.2035e+00 
21-09-28 22:25:51.746 - INFO: [epoch: 16, iter: 534,600, lr:(2.453e-06,)] l_pix: 1.4949e+00 
21-09-28 22:27:47.205 - INFO: [epoch: 16, iter: 534,700, lr:(2.466e-06,)] l_pix: 1.1596e+00 
21-09-28 22:29:35.870 - INFO: [epoch: 16, iter: 534,800, lr:(2.480e-06,)] l_pix: 1.1771e+00 
21-09-28 22:31:24.994 - INFO: [epoch: 16, iter: 534,900, lr:(2.493e-06,)] l_pix: 1.0496e+00 
21-09-28 22:33:12.395 - INFO: [epoch: 16, iter: 535,000, lr:(2.507e-06,)] l_pix: 1.0263e+00 
21-09-28 22:33:13.903 - INFO: # Validation # PSNR: 3.0279e+01
21-09-28 22:33:13.903 - INFO: Saving models and training states.
21-09-28 22:35:07.922 - INFO: [epoch: 16, iter: 535,100, lr:(2.521e-06,)] l_pix: 1.1536e+00 
21-09-28 22:37:06.571 - INFO: [epoch: 16, iter: 535,200, lr:(2.535e-06,)] l_pix: 9.8681e-01 
21-09-28 22:38:54.544 - INFO: [epoch: 16, iter: 535,300, lr:(2.548e-06,)] l_pix: 1.6306e+00 
21-09-28 22:40:43.690 - INFO: [epoch: 16, iter: 535,400, lr:(2.562e-06,)] l_pix: 1.5894e+00 
21-09-28 22:42:39.151 - INFO: [epoch: 16, iter: 535,500, lr:(2.576e-06,)] l_pix: 1.0133e+00 
21-09-28 22:44:34.953 - INFO: [epoch: 16, iter: 535,600, lr:(2.590e-06,)] l_pix: 9.5674e-01 
21-09-28 22:46:22.273 - INFO: [epoch: 16, iter: 535,700, lr:(2.604e-06,)] l_pix: 1.4822e+00 
21-09-28 22:48:04.948 - INFO: [epoch: 16, iter: 535,800, lr:(2.618e-06,)] l_pix: 1.2538e+00 
21-09-28 22:50:00.006 - INFO: [epoch: 16, iter: 535,900, lr:(2.632e-06,)] l_pix: 1.6003e+00 
21-09-28 22:51:48.356 - INFO: [epoch: 16, iter: 536,000, lr:(2.646e-06,)] l_pix: 1.2997e+00 
21-09-28 22:53:42.157 - INFO: [epoch: 16, iter: 536,100, lr:(2.660e-06,)] l_pix: 1.2580e+00 
21-09-28 22:55:29.374 - INFO: [epoch: 16, iter: 536,200, lr:(2.674e-06,)] l_pix: 1.6536e+00 
21-09-28 22:57:21.718 - INFO: [epoch: 16, iter: 536,300, lr:(2.688e-06,)] l_pix: 1.4258e+00 
21-09-28 22:59:12.820 - INFO: [epoch: 16, iter: 536,400, lr:(2.703e-06,)] l_pix: 1.4533e+00 
21-09-28 23:00:59.739 - INFO: [epoch: 16, iter: 536,500, lr:(2.717e-06,)] l_pix: 1.3609e+00 
21-09-28 23:02:46.019 - INFO: [epoch: 16, iter: 536,600, lr:(2.731e-06,)] l_pix: 1.7031e+00 
21-09-28 23:04:27.470 - INFO: [epoch: 16, iter: 536,700, lr:(2.746e-06,)] l_pix: 1.6594e+00 
21-09-28 23:06:22.973 - INFO: [epoch: 16, iter: 536,800, lr:(2.760e-06,)] l_pix: 1.3222e+00 
21-09-28 23:08:23.564 - INFO: [epoch: 16, iter: 536,900, lr:(2.774e-06,)] l_pix: 1.3235e+00 
21-09-28 23:10:07.350 - INFO: [epoch: 16, iter: 537,000, lr:(2.789e-06,)] l_pix: 1.5723e+00 
21-09-28 23:12:03.311 - INFO: [epoch: 16, iter: 537,100, lr:(2.803e-06,)] l_pix: 1.1230e+00 
21-09-28 23:13:49.195 - INFO: [epoch: 16, iter: 537,200, lr:(2.818e-06,)] l_pix: 1.5278e+00 
21-09-28 23:15:47.389 - INFO: [epoch: 16, iter: 537,300, lr:(2.832e-06,)] l_pix: 1.3807e+00 
21-09-28 23:17:36.580 - INFO: [epoch: 16, iter: 537,400, lr:(2.847e-06,)] l_pix: 1.4620e+00 
21-09-28 23:19:22.292 - INFO: [epoch: 16, iter: 537,500, lr:(2.862e-06,)] l_pix: 1.2914e+00 
21-09-28 23:21:08.891 - INFO: [epoch: 16, iter: 537,600, lr:(2.876e-06,)] l_pix: 1.3497e+00 
21-09-28 23:23:00.528 - INFO: [epoch: 16, iter: 537,700, lr:(2.891e-06,)] l_pix: 1.5154e+00 
21-09-28 23:24:47.292 - INFO: [epoch: 16, iter: 537,800, lr:(2.906e-06,)] l_pix: 1.1122e+00 
21-09-28 23:26:44.192 - INFO: [epoch: 16, iter: 537,900, lr:(2.921e-06,)] l_pix: 1.4236e+00 
21-09-28 23:28:32.761 - INFO: [epoch: 16, iter: 538,000, lr:(2.935e-06,)] l_pix: 9.4954e-01 
21-09-28 23:30:24.103 - INFO: [epoch: 16, iter: 538,100, lr:(2.950e-06,)] l_pix: 1.6042e+00 
21-09-28 23:32:07.767 - INFO: [epoch: 16, iter: 538,200, lr:(2.965e-06,)] l_pix: 1.6029e+00 
21-09-28 23:33:50.159 - INFO: [epoch: 16, iter: 538,300, lr:(2.980e-06,)] l_pix: 1.0010e+00 
21-09-28 23:35:40.496 - INFO: [epoch: 16, iter: 538,400, lr:(2.995e-06,)] l_pix: 1.7305e+00 
21-09-28 23:37:39.446 - INFO: [epoch: 16, iter: 538,500, lr:(3.010e-06,)] l_pix: 1.5542e+00 
21-09-28 23:39:25.167 - INFO: [epoch: 16, iter: 538,600, lr:(3.025e-06,)] l_pix: 1.3283e+00 
21-09-28 23:41:33.195 - INFO: [epoch: 16, iter: 538,700, lr:(3.040e-06,)] l_pix: 1.5569e+00 
21-09-28 23:43:22.185 - INFO: [epoch: 16, iter: 538,800, lr:(3.055e-06,)] l_pix: 1.3679e+00 
21-09-28 23:45:11.915 - INFO: [epoch: 16, iter: 538,900, lr:(3.071e-06,)] l_pix: 1.1015e+00 
21-09-28 23:46:52.242 - INFO: [epoch: 16, iter: 539,000, lr:(3.086e-06,)] l_pix: 1.1991e+00 
21-09-28 23:48:53.734 - INFO: [epoch: 16, iter: 539,100, lr:(3.101e-06,)] l_pix: 1.2012e+00 
21-09-28 23:50:42.355 - INFO: [epoch: 16, iter: 539,200, lr:(3.116e-06,)] l_pix: 1.6220e+00 
21-09-28 23:52:36.624 - INFO: [epoch: 16, iter: 539,300, lr:(3.132e-06,)] l_pix: 1.4485e+00 
21-09-28 23:54:26.684 - INFO: [epoch: 16, iter: 539,400, lr:(3.147e-06,)] l_pix: 1.5092e+00 
21-09-28 23:56:13.013 - INFO: [epoch: 16, iter: 539,500, lr:(3.163e-06,)] l_pix: 1.6116e+00 
21-09-28 23:58:04.128 - INFO: [epoch: 16, iter: 539,600, lr:(3.178e-06,)] l_pix: 1.3896e+00 
21-09-28 23:59:45.120 - INFO: [epoch: 16, iter: 539,700, lr:(3.193e-06,)] l_pix: 1.6004e+00 
21-09-29 00:01:11.134 - INFO: [epoch: 16, iter: 539,800, lr:(3.209e-06,)] l_pix: 1.3877e+00 
21-09-29 00:02:56.871 - INFO: [epoch: 16, iter: 539,900, lr:(3.225e-06,)] l_pix: 1.3631e+00 
21-09-29 00:04:30.591 - INFO: [epoch: 16, iter: 540,000, lr:(3.240e-06,)] l_pix: 1.5989e+00 
21-09-29 00:04:32.178 - INFO: # Validation # PSNR: 3.0274e+01
21-09-29 00:04:32.178 - INFO: Saving models and training states.
21-09-29 00:06:03.159 - INFO: [epoch: 16, iter: 540,100, lr:(3.256e-06,)] l_pix: 1.4635e+00 
21-09-29 00:07:45.618 - INFO: [epoch: 16, iter: 540,200, lr:(3.271e-06,)] l_pix: 1.1666e+00 
21-09-29 00:09:31.417 - INFO: [epoch: 16, iter: 540,300, lr:(3.287e-06,)] l_pix: 1.4440e+00 
21-09-29 00:11:11.469 - INFO: [epoch: 16, iter: 540,400, lr:(3.303e-06,)] l_pix: 1.7032e+00 
21-09-29 00:12:59.753 - INFO: [epoch: 16, iter: 540,500, lr:(3.319e-06,)] l_pix: 1.2530e+00 
21-09-29 00:14:48.392 - INFO: [epoch: 16, iter: 540,600, lr:(3.335e-06,)] l_pix: 1.1417e+00 
21-09-29 00:16:50.133 - INFO: [epoch: 16, iter: 540,700, lr:(3.350e-06,)] l_pix: 1.3982e+00 
21-09-29 00:18:50.673 - INFO: [epoch: 16, iter: 540,800, lr:(3.366e-06,)] l_pix: 1.0588e+00 
21-09-29 00:20:43.541 - INFO: [epoch: 16, iter: 540,900, lr:(3.382e-06,)] l_pix: 1.1207e+00 
21-09-29 00:22:39.688 - INFO: [epoch: 16, iter: 541,000, lr:(3.398e-06,)] l_pix: 1.2087e+00 
21-09-29 00:24:27.354 - INFO: [epoch: 16, iter: 541,100, lr:(3.414e-06,)] l_pix: 1.5309e+00 
21-09-29 00:26:23.943 - INFO: [epoch: 16, iter: 541,200, lr:(3.430e-06,)] l_pix: 1.5946e+00 
21-09-29 00:28:11.762 - INFO: [epoch: 16, iter: 541,300, lr:(3.446e-06,)] l_pix: 1.8515e+00 
21-09-29 00:30:16.911 - INFO: [epoch: 16, iter: 541,400, lr:(3.463e-06,)] l_pix: 1.2060e+00 
21-09-29 00:32:04.720 - INFO: [epoch: 16, iter: 541,500, lr:(3.479e-06,)] l_pix: 1.4926e+00 
21-09-29 00:33:59.301 - INFO: [epoch: 16, iter: 541,600, lr:(3.495e-06,)] l_pix: 1.3657e+00 
21-09-29 00:35:54.006 - INFO: [epoch: 16, iter: 541,700, lr:(3.511e-06,)] l_pix: 1.2772e+00 
21-09-29 00:37:43.632 - INFO: [epoch: 16, iter: 541,800, lr:(3.527e-06,)] l_pix: 1.3142e+00 
21-09-29 00:39:37.150 - INFO: [epoch: 16, iter: 541,900, lr:(3.544e-06,)] l_pix: 1.2802e+00 
21-09-29 00:41:17.598 - INFO: [epoch: 16, iter: 542,000, lr:(3.560e-06,)] l_pix: 1.2744e+00 
21-09-29 00:43:09.135 - INFO: [epoch: 16, iter: 542,100, lr:(3.577e-06,)] l_pix: 1.3056e+00 
21-09-29 00:44:53.137 - INFO: [epoch: 16, iter: 542,200, lr:(3.593e-06,)] l_pix: 1.5899e+00 
21-09-29 00:46:48.112 - INFO: [epoch: 16, iter: 542,300, lr:(3.609e-06,)] l_pix: 1.8450e+00 
21-09-29 00:48:43.229 - INFO: [epoch: 16, iter: 542,400, lr:(3.626e-06,)] l_pix: 1.6060e+00 
21-09-29 00:50:23.416 - INFO: [epoch: 16, iter: 542,500, lr:(3.642e-06,)] l_pix: 1.2767e+00 
21-09-29 00:52:24.338 - INFO: [epoch: 16, iter: 542,600, lr:(3.659e-06,)] l_pix: 1.1574e+00 
21-09-29 00:54:16.025 - INFO: [epoch: 16, iter: 542,700, lr:(3.676e-06,)] l_pix: 1.0184e+00 
21-09-29 00:56:12.086 - INFO: [epoch: 16, iter: 542,800, lr:(3.692e-06,)] l_pix: 1.3162e+00 
21-09-29 00:57:58.690 - INFO: [epoch: 16, iter: 542,900, lr:(3.709e-06,)] l_pix: 1.1674e+00 
21-09-29 00:59:44.614 - INFO: [epoch: 16, iter: 543,000, lr:(3.726e-06,)] l_pix: 1.2363e+00 
21-09-29 01:01:38.789 - INFO: [epoch: 16, iter: 543,100, lr:(3.743e-06,)] l_pix: 1.2682e+00 
21-09-29 01:03:28.628 - INFO: [epoch: 16, iter: 543,200, lr:(3.759e-06,)] l_pix: 1.0734e+00 
21-09-29 01:05:02.119 - INFO: [epoch: 16, iter: 543,300, lr:(3.776e-06,)] l_pix: 1.4024e+00 
21-09-29 01:06:56.973 - INFO: [epoch: 16, iter: 543,400, lr:(3.793e-06,)] l_pix: 1.3874e+00 
21-09-29 01:08:53.292 - INFO: [epoch: 16, iter: 543,500, lr:(3.810e-06,)] l_pix: 1.2362e+00 
21-09-29 01:10:41.981 - INFO: [epoch: 16, iter: 543,600, lr:(3.827e-06,)] l_pix: 1.3381e+00 
21-09-29 01:12:39.043 - INFO: [epoch: 16, iter: 543,700, lr:(3.844e-06,)] l_pix: 1.4703e+00 
21-09-29 01:14:32.322 - INFO: [epoch: 16, iter: 543,800, lr:(3.861e-06,)] l_pix: 1.1840e+00 
21-09-29 01:16:30.208 - INFO: [epoch: 16, iter: 543,900, lr:(3.878e-06,)] l_pix: 1.2849e+00 
21-09-29 01:18:22.624 - INFO: [epoch: 16, iter: 544,000, lr:(3.895e-06,)] l_pix: 1.6889e+00 
21-09-29 01:20:18.764 - INFO: [epoch: 16, iter: 544,100, lr:(3.912e-06,)] l_pix: 1.1508e+00 
21-09-29 01:22:14.980 - INFO: [epoch: 16, iter: 544,200, lr:(3.930e-06,)] l_pix: 1.3140e+00 
21-09-29 01:24:18.546 - INFO: [epoch: 16, iter: 544,300, lr:(3.947e-06,)] l_pix: 1.5073e+00 
21-09-29 01:26:15.676 - INFO: [epoch: 16, iter: 544,400, lr:(3.964e-06,)] l_pix: 1.3900e+00 
21-09-29 01:28:01.075 - INFO: [epoch: 16, iter: 544,500, lr:(3.982e-06,)] l_pix: 1.6154e+00 
21-09-29 01:30:01.979 - INFO: [epoch: 16, iter: 544,600, lr:(3.999e-06,)] l_pix: 1.1376e+00 
21-09-29 01:32:03.511 - INFO: [epoch: 16, iter: 544,700, lr:(4.016e-06,)] l_pix: 1.3552e+00 
21-09-29 01:34:00.670 - INFO: [epoch: 16, iter: 544,800, lr:(4.034e-06,)] l_pix: 1.5440e+00 
21-09-29 01:35:57.563 - INFO: [epoch: 16, iter: 544,900, lr:(4.051e-06,)] l_pix: 1.5673e+00 
21-09-29 01:37:54.053 - INFO: [epoch: 16, iter: 545,000, lr:(4.069e-06,)] l_pix: 1.5044e+00 
21-09-29 01:37:55.545 - INFO: # Validation # PSNR: 3.0278e+01